2020-12-07 17:55:35,197 INFO:                 errors [in C:\Users\alank\Documents\Udacity\Nanodegrees\Full_Stack_Web_Developer\capstone_grocery_market\app\__init__.py:85]
2020-12-07 18:07:55,718 INFO:                 errors [in C:\Users\alank\Documents\Udacity\Nanodegrees\Full_Stack_Web_Developer\capstone_grocery_market\app\__init__.py:80]
2020-12-07 18:20:08,389 INFO:                 errors [in C:\Users\alank\Documents\Udacity\Nanodegrees\Full_Stack_Web_Developer\capstone_grocery_market\app\__init__.py:80]
2020-12-07 18:20:53,044 INFO:                 errors [in C:\Users\alank\Documents\Udacity\Nanodegrees\Full_Stack_Web_Developer\capstone_grocery_market\app\__init__.py:80]
2020-12-07 18:22:28,313 INFO:                 errors [in C:\Users\alank\Documents\Udacity\Nanodegrees\Full_Stack_Web_Developer\capstone_grocery_market\app\__init__.py:80]
2020-12-07 19:53:49,069 INFO:                 errors [in C:\Users\alank\Documents\Udacity\Nanodegrees\Full_Stack_Web_Developer\capstone_grocery_market\app\__init__.py:89]
2020-12-07 19:56:47,058 INFO:                 errors [in C:\Users\alank\Documents\Udacity\Nanodegrees\Full_Stack_Web_Developer\capstone_grocery_market\app\__init__.py:89]
2020-12-07 20:07:41,650 INFO:                 errors [in C:\Users\alank\Documents\Udacity\Nanodegrees\Full_Stack_Web_Developer\capstone_grocery_market\app\__init__.py:89]
2020-12-07 20:15:42,638 INFO:                 errors [in C:\Users\alank\Documents\Udacity\Nanodegrees\Full_Stack_Web_Developer\capstone_grocery_market\app\__init__.py:89]
2020-12-07 20:17:18,288 INFO:                 errors [in C:\Users\alank\Documents\Udacity\Nanodegrees\Full_Stack_Web_Developer\capstone_grocery_market\app\__init__.py:89]
2020-12-07 20:17:57,564 INFO:                 errors [in C:\Users\alank\Documents\Udacity\Nanodegrees\Full_Stack_Web_Developer\capstone_grocery_market\app\__init__.py:89]
2020-12-07 20:18:47,004 INFO:                 errors [in C:\Users\alank\Documents\Udacity\Nanodegrees\Full_Stack_Web_Developer\capstone_grocery_market\app\__init__.py:89]
2020-12-07 20:32:00,108 INFO:                 errors [in C:\Users\alank\Documents\Udacity\Nanodegrees\Full_Stack_Web_Developer\capstone_grocery_market\app\__init__.py:89]
2020-12-07 20:39:44,406 INFO:                 errors [in C:\Users\alank\Documents\Udacity\Nanodegrees\Full_Stack_Web_Developer\capstone_grocery_market\app\__init__.py:92]
2020-12-07 20:43:13,714 INFO:                 errors [in C:\Users\alank\Documents\Udacity\Nanodegrees\Full_Stack_Web_Developer\capstone_grocery_market\app\__init__.py:92]
2020-12-07 21:04:29,552 INFO:                 errors [in C:\Users\alank\Documents\Udacity\Nanodegrees\Full_Stack_Web_Developer\capstone_grocery_market\app\__init__.py:93]
2020-12-07 21:56:41,445 INFO:                 errors [in C:\Users\alank\Documents\Udacity\Nanodegrees\Full_Stack_Web_Developer\capstone_grocery_market\app\__init__.py:93]
2020-12-07 22:15:21,710 INFO:                 errors [in C:\Users\alank\Documents\Udacity\Nanodegrees\Full_Stack_Web_Developer\capstone_grocery_market\app\__init__.py:93]
2020-12-07 22:23:38,043 INFO:                 errors [in C:\Users\alank\Documents\Udacity\Nanodegrees\Full_Stack_Web_Developer\capstone_grocery_market\app\__init__.py:90]
2020-12-07 22:36:03,422 INFO:                 errors [in C:\Users\alank\Documents\Udacity\Nanodegrees\Full_Stack_Web_Developer\capstone_grocery_market\app\__init__.py:90]
2020-12-07 22:46:28,762 INFO:                 errors [in C:\Users\alank\Documents\Udacity\Nanodegrees\Full_Stack_Web_Developer\capstone_grocery_market\app\__init__.py:90]
2020-12-08 13:11:12,482 INFO:                 errors [in C:\Users\alank\Documents\Udacity\Nanodegrees\Full_Stack_Web_Developer\capstone_grocery_market\app\__init__.py:93]
2020-12-08 13:28:53,441 INFO:                 errors [in C:\Users\alank\Documents\Udacity\Nanodegrees\Full_Stack_Web_Developer\capstone_grocery_market\app\__init__.py:97]
2020-12-08 13:36:10,036 INFO:                 errors [in C:\Users\alank\Documents\Udacity\Nanodegrees\Full_Stack_Web_Developer\capstone_grocery_market\app\__init__.py:97]
2020-12-08 13:38:55,312 INFO:                 errors [in C:\Users\alank\Documents\Udacity\Nanodegrees\Full_Stack_Web_Developer\capstone_grocery_market\app\__init__.py:97]
2020-12-08 13:41:41,201 INFO:                 errors [in C:\Users\alank\Documents\Udacity\Nanodegrees\Full_Stack_Web_Developer\capstone_grocery_market\app\__init__.py:97]
2020-12-08 15:27:40,855 INFO:                 errors [in C:\Users\alank\Documents\Udacity\Nanodegrees\Full_Stack_Web_Developer\capstone_grocery_market\app\__init__.py:88]
2020-12-08 15:31:29,942 INFO:                 errors [in C:\Users\alank\Documents\Udacity\Nanodegrees\Full_Stack_Web_Developer\capstone_grocery_market\app\__init__.py:87]
2020-12-08 15:34:50,742 INFO:                 errors [in C:\Users\alank\Documents\Udacity\Nanodegrees\Full_Stack_Web_Developer\capstone_grocery_market\app\__init__.py:87]
2020-12-08 15:40:36,515 INFO:                 errors [in C:\Users\alank\Documents\Udacity\Nanodegrees\Full_Stack_Web_Developer\capstone_grocery_market\app\__init__.py:81]
2020-12-08 15:59:38,359 INFO:                 errors [in C:\Users\alank\Documents\Udacity\Nanodegrees\Full_Stack_Web_Developer\capstone_grocery_market\app\__init__.py:81]
2020-12-08 16:09:36,233 INFO:                 errors [in C:\Users\alank\Documents\Udacity\Nanodegrees\Full_Stack_Web_Developer\capstone_grocery_market\app\__init__.py:81]
2020-12-08 16:19:18,394 INFO:                 errors [in C:\Users\alank\Documents\Udacity\Nanodegrees\Full_Stack_Web_Developer\capstone_grocery_market\app\__init__.py:81]
2020-12-08 16:32:42,102 INFO:                 errors [in C:\Users\alank\Documents\Udacity\Nanodegrees\Full_Stack_Web_Developer\capstone_grocery_market\__init__.py:81]
2020-12-08 17:17:14,353 INFO:                 errors [in C:\Users\alank\Documents\Udacity\Nanodegrees\Full_Stack_Web_Developer\capstone_grocery_market\__init__.py:71]
2020-12-08 17:19:25,057 INFO:                 errors [in C:\Users\alank\Documents\Udacity\Nanodegrees\Full_Stack_Web_Developer\capstone_grocery_market\__init__.py:71]
2020-12-08 17:27:29,248 INFO:                 errors [in C:\Users\alank\Documents\Udacity\Nanodegrees\Full_Stack_Web_Developer\capstone_grocery_market\__init__.py:71]
2020-12-08 17:30:50,144 INFO:                 errors [in C:\Users\alank\Documents\Udacity\Nanodegrees\Full_Stack_Web_Developer\capstone_grocery_market\__init__.py:71]
2020-12-08 17:32:21,289 INFO:                 errors [in C:\Users\alank\Documents\Udacity\Nanodegrees\Full_Stack_Web_Developer\capstone_grocery_market\__init__.py:71]
2020-12-08 17:33:59,417 INFO:                 errors [in C:\Users\alank\Documents\Udacity\Nanodegrees\Full_Stack_Web_Developer\capstone_grocery_market\__init__.py:71]
2020-12-08 17:35:52,397 INFO:                 errors [in C:\Users\alank\Documents\Udacity\Nanodegrees\Full_Stack_Web_Developer\capstone_grocery_market\__init__.py:71]
2020-12-08 17:47:31,147 INFO:                 errors [in C:\Users\alank\Documents\Udacity\Nanodegrees\Full_Stack_Web_Developer\capstone_grocery_market\__init__.py:71]
2020-12-08 17:57:50,774 INFO:                 errors [in C:\Users\alank\Documents\Udacity\Nanodegrees\Full_Stack_Web_Developer\capstone_grocery_market\__init__.py:71]
2020-12-08 18:03:30,315 INFO:                 errors [in C:\Users\alank\Documents\Udacity\Nanodegrees\Full_Stack_Web_Developer\capstone_grocery_market\__init__.py:71]
2020-12-08 18:10:55,710 INFO:                 errors [in C:\Users\alank\Documents\Udacity\Nanodegrees\Full_Stack_Web_Developer\capstone_grocery_market\__init__.py:71]
2020-12-08 21:00:01,498 INFO:                 errors [in C:\Users\alank\Documents\Udacity\Nanodegrees\Full_Stack_Web_Developer\capstone_grocery_market\app.py:71]
2020-12-08 21:02:49,810 INFO:                 errors [in C:\Users\alank\Documents\Udacity\Nanodegrees\Full_Stack_Web_Developer\capstone_grocery_market\app.py:71]
2020-12-08 21:05:16,600 INFO:                 errors [in C:\Users\alank\Documents\Udacity\Nanodegrees\Full_Stack_Web_Developer\capstone_grocery_market\app.py:71]
2020-12-08 21:19:34,412 INFO:                 errors [in C:\Users\alank\Documents\Udacity\Nanodegrees\Full_Stack_Web_Developer\capstone_grocery_market\app.py:74]
2020-12-08 21:24:49,381 INFO:                 errors [in C:\Users\alank\Documents\Udacity\Nanodegrees\Full_Stack_Web_Developer\capstone_grocery_market\app.py:74]
2020-12-08 21:46:36,293 INFO:                 errors [in C:\Users\alank\Documents\Udacity\Nanodegrees\Full_Stack_Web_Developer\capstone_grocery_market\app.py:74]
2020-12-08 22:24:27,372 INFO:                 errors [in C:\Users\alank\Documents\Udacity\Nanodegrees\Full_Stack_Web_Developer\capstone_grocery_market\app.py:74]
2020-12-08 22:31:12,599 INFO:                 errors [in C:\Users\alank\Documents\Udacity\Nanodegrees\Full_Stack_Web_Developer\capstone_grocery_market\app.py:74]
2020-12-09 12:40:27,943 INFO:             errors [in api.py:95]
2020-12-09 12:48:28,961 INFO:             errors [in api.py:95]
2020-12-09 12:50:19,599 INFO:             errors [in api.py:95]
2020-12-09 15:58:31,136 INFO:             errors [in api.py:95]
2020-12-09 16:42:59,770 INFO:             errors [in api.py:95]
2020-12-09 18:54:56,012 INFO:             errors [in api.py:95]
2020-12-09 19:03:18,370 INFO:             errors [in api.py:95]
2020-12-09 19:12:16,205 INFO:             errors [in api.py:95]
2020-12-09 19:33:31,259 INFO:             errors [in api.py:95]
2020-12-09 22:20:51,184 INFO:             errors [in api.py:94]
2020-12-09 22:31:17,251 INFO:             errors [in api.py:94]
2020-12-09 22:40:08,468 INFO:             errors [in api.py:94]
2020-12-10 11:39:34,984 INFO:             errors [in api.py:94]
2020-12-10 11:51:09,171 INFO:             errors [in api.py:94]
2020-12-10 12:23:29,229 INFO:             errors [in api.py:94]
2020-12-10 12:30:34,233 INFO:             errors [in api.py:94]
2020-12-10 13:54:34,531 INFO:             errors [in api.py:94]
2020-12-10 14:49:29,958 INFO:             errors [in api.py:94]
2020-12-10 16:21:19,781 INFO:             errors [in api.py:94]
2020-12-10 23:57:53,216 INFO:             errors [in api.py:94]
2020-12-11 13:38:36,794 INFO:             errors [in api.py:95]
2020-12-11 17:11:35,818 INFO:             errors [in api.py:95]
2020-12-11 17:18:03,446 INFO:             errors [in api.py:95]
2020-12-11 17:25:17,359 INFO:             errors [in api.py:95]
2020-12-12 16:38:18,786 INFO:             errors [in api.py:95]
2020-12-12 21:25:48,977 INFO:             errors [in api.py:97]
2020-12-12 22:30:21,335 INFO:             errors [in api.py:97]
2020-12-13 13:57:49,604 INFO:             errors [in api.py:97]
2020-12-13 15:18:15,240 INFO:             errors [in api.py:97]
2020-12-13 15:21:07,218 INFO:             errors [in api.py:97]
2020-12-13 16:19:23,672 INFO:             errors [in api.py:97]
2020-12-13 17:41:03,796 INFO:             errors [in api.py:97]
2020-12-13 20:04:02,845 INFO:             errors [in api.py:97]
2020-12-14 11:21:55,799 INFO:             errors [in api.py:97]
2020-12-14 16:04:20,997 INFO:             errors [in C:\Users\alank\Documents\Udacity\Nanodegrees\Full_Stack_Web_Developer\capstone_grocery_market\api.py:97]
2020-12-14 16:04:36,051 INFO:             errors [in C:\Users\alank\Documents\Udacity\Nanodegrees\Full_Stack_Web_Developer\capstone_grocery_market\api.py:97]
2020-12-14 16:04:55,392 INFO:             errors [in C:\Users\alank\Documents\Udacity\Nanodegrees\Full_Stack_Web_Developer\capstone_grocery_market\api.py:97]
2020-12-14 17:08:02,601 INFO:             errors [in api.py:97]
2020-12-15 18:54:12,060 INFO:             errors [in api.py:97]
2020-12-16 16:43:44,137 INFO:             errors [in api.py:97]
2020-12-16 18:11:57,441 INFO:             errors [in api.py:97]
2020-12-17 17:26:46,685 INFO:             errors [in api.py:97]
2020-12-17 22:06:18,101 INFO:             errors [in api.py:97]
2020-12-18 11:58:07,627 INFO:             errors [in api.py:97]
2020-12-18 12:55:29,265 INFO:             errors [in api.py:97]
2020-12-18 14:57:13,429 INFO:             errors [in api.py:97]
2020-12-18 15:11:35,140 INFO:             errors [in api.py:97]
2020-12-18 15:21:55,500 INFO:             errors [in api.py:97]
2020-12-20 15:57:47,721 INFO:             errors [in api.py:97]
2020-12-21 12:38:40,292 INFO:             errors [in api.py:97]
2020-12-23 17:45:23,553 INFO:                 errors [in C:\Users\alank\Documents\Udacity\Nanodegrees\Full_Stack_Web_Developer\capstone_grocery_market\app\__init__.py:72]
2020-12-23 19:22:38,160 INFO:                 errors [in C:\Users\alank\Documents\Udacity\Nanodegrees\Full_Stack_Web_Developer\capstone_grocery_market\app\__init__.py:71]
2020-12-25 01:05:13,851 INFO:             errors [in app.py:412]
2020-12-26 01:36:38,939 INFO:             errors [in c:\Users\alank\Documents\Udacity\Nanodegrees\Full_Stack_Web_Developer\capstone_grocery_market\app.py:418]
2020-12-26 01:37:18,405 INFO:             errors [in c:\Users\alank\Documents\Udacity\Nanodegrees\Full_Stack_Web_Developer\capstone_grocery_market\app.py:418]
2020-12-26 01:37:21,422 INFO:             errors [in c:\Users\alank\Documents\Udacity\Nanodegrees\Full_Stack_Web_Developer\capstone_grocery_market\app.py:418]
2020-12-26 01:37:29,127 INFO:             errors [in c:\Users\alank\Documents\Udacity\Nanodegrees\Full_Stack_Web_Developer\capstone_grocery_market\app.py:418]
2020-12-26 01:37:56,110 INFO:             errors [in c:\Users\alank\Documents\Udacity\Nanodegrees\Full_Stack_Web_Developer\capstone_grocery_market\app.py:418]
2020-12-26 01:38:16,845 INFO:             errors [in c:\Users\alank\Documents\Udacity\Nanodegrees\Full_Stack_Web_Developer\capstone_grocery_market\app.py:418]
2020-12-26 01:38:20,105 INFO:             errors [in c:\Users\alank\Documents\Udacity\Nanodegrees\Full_Stack_Web_Developer\capstone_grocery_market\app.py:418]
2020-12-26 01:39:01,291 INFO:             errors [in c:\Users\alank\Documents\Udacity\Nanodegrees\Full_Stack_Web_Developer\capstone_grocery_market\app.py:418]
2020-12-26 17:18:18,816 INFO:             errors [in c:\Users\alank\Documents\Udacity\Nanodegrees\Full_Stack_Web_Developer\capstone_grocery_market\app.py:418]
2020-12-26 17:22:55,171 INFO:             errors [in c:\Users\alank\Documents\Udacity\Nanodegrees\Full_Stack_Web_Developer\capstone_grocery_market\app.py:418]
2020-12-26 17:22:59,259 INFO:             errors [in c:\Users\alank\Documents\Udacity\Nanodegrees\Full_Stack_Web_Developer\capstone_grocery_market\app.py:418]
2020-12-26 17:23:23,691 INFO:             errors [in c:\Users\alank\Documents\Udacity\Nanodegrees\Full_Stack_Web_Developer\capstone_grocery_market\app.py:418]
2020-12-26 17:23:26,839 INFO:             errors [in c:\Users\alank\Documents\Udacity\Nanodegrees\Full_Stack_Web_Developer\capstone_grocery_market\app.py:418]
2020-12-26 17:23:58,406 INFO:             errors [in c:\Users\alank\Documents\Udacity\Nanodegrees\Full_Stack_Web_Developer\capstone_grocery_market\app.py:418]
2020-12-26 17:24:05,712 INFO:             errors [in c:\Users\alank\Documents\Udacity\Nanodegrees\Full_Stack_Web_Developer\capstone_grocery_market\app.py:418]
2020-12-26 17:24:11,782 INFO:             errors [in c:\Users\alank\Documents\Udacity\Nanodegrees\Full_Stack_Web_Developer\capstone_grocery_market\app.py:418]
2020-12-26 17:24:20,326 INFO:             errors [in c:\Users\alank\Documents\Udacity\Nanodegrees\Full_Stack_Web_Developer\capstone_grocery_market\app.py:418]
2020-12-26 17:24:31,103 INFO:             errors [in c:\Users\alank\Documents\Udacity\Nanodegrees\Full_Stack_Web_Developer\capstone_grocery_market\app.py:418]
2020-12-26 17:24:32,680 INFO:             errors [in c:\Users\alank\Documents\Udacity\Nanodegrees\Full_Stack_Web_Developer\capstone_grocery_market\app.py:418]
2020-12-26 17:26:47,761 INFO:             errors [in c:\Users\alank\Documents\Udacity\Nanodegrees\Full_Stack_Web_Developer\capstone_grocery_market\app.py:418]
2020-12-26 17:27:08,673 INFO:             errors [in c:\Users\alank\Documents\Udacity\Nanodegrees\Full_Stack_Web_Developer\capstone_grocery_market\app.py:418]
2020-12-26 17:27:10,148 INFO:             errors [in c:\Users\alank\Documents\Udacity\Nanodegrees\Full_Stack_Web_Developer\capstone_grocery_market\app.py:418]
2020-12-26 17:28:19,042 INFO:             errors [in c:\Users\alank\Documents\Udacity\Nanodegrees\Full_Stack_Web_Developer\capstone_grocery_market\app.py:418]
2020-12-26 17:28:21,618 INFO:             errors [in c:\Users\alank\Documents\Udacity\Nanodegrees\Full_Stack_Web_Developer\capstone_grocery_market\app.py:418]
2020-12-26 20:45:41,897 INFO:             errors [in c:\Users\alank\Documents\Udacity\Nanodegrees\Full_Stack_Web_Developer\capstone_grocery_market\app.py:418]
2020-12-26 22:14:11,336 INFO:             errors [in c:\Users\alank\Documents\Udacity\Nanodegrees\Full_Stack_Web_Developer\capstone_grocery_market\app.py:418]
2020-12-26 23:01:07,315 INFO:             errors [in c:\Users\alank\Documents\Udacity\Nanodegrees\Full_Stack_Web_Developer\capstone_grocery_market\app.py:418]
2020-12-27 00:07:57,737 INFO:             errors [in c:\Users\alank\Documents\Udacity\Nanodegrees\Full_Stack_Web_Developer\capstone_grocery_market\app.py:418]
2020-12-27 00:08:23,595 INFO:             errors [in c:\Users\alank\Documents\Udacity\Nanodegrees\Full_Stack_Web_Developer\capstone_grocery_market\app.py:418]
2020-12-27 00:08:43,875 ERROR:             Exception on /aisles [GET] [in c:\Users\alank\Documents\Udacity\Nanodegrees\Full_Stack_Web_Developer\capstone_grocery_market\.venv\lib\site-packages\flask\app.py:1892]
Traceback (most recent call last):
  File "c:\Users\alank\Documents\Udacity\Nanodegrees\Full_Stack_Web_Developer\capstone_grocery_market\.venv\lib\site-packages\flask\app.py", line 2447, in wsgi_app
    response = self.full_dispatch_request()
  File "c:\Users\alank\Documents\Udacity\Nanodegrees\Full_Stack_Web_Developer\capstone_grocery_market\.venv\lib\site-packages\flask\app.py", line 1952, in full_dispatch_request
    rv = self.handle_user_exception(e)
  File "c:\Users\alank\Documents\Udacity\Nanodegrees\Full_Stack_Web_Developer\capstone_grocery_market\.venv\lib\site-packages\flask_cors\extension.py", line 165, in wrapped_function
    return cors_after_request(app.make_response(f(*args, **kwargs)))
  File "c:\Users\alank\Documents\Udacity\Nanodegrees\Full_Stack_Web_Developer\capstone_grocery_market\.venv\lib\site-packages\flask\app.py", line 1821, in handle_user_exception
    reraise(exc_type, exc_value, tb)
  File "c:\Users\alank\Documents\Udacity\Nanodegrees\Full_Stack_Web_Developer\capstone_grocery_market\.venv\lib\site-packages\flask\_compat.py", line 39, in reraise
    raise value
  File "c:\Users\alank\Documents\Udacity\Nanodegrees\Full_Stack_Web_Developer\capstone_grocery_market\.venv\lib\site-packages\flask\app.py", line 1950, in full_dispatch_request
    rv = self.dispatch_request()
  File "c:\Users\alank\Documents\Udacity\Nanodegrees\Full_Stack_Web_Developer\capstone_grocery_market\.venv\lib\site-packages\flask\app.py", line 1936, in dispatch_request
    return self.view_functions[rule.endpoint](**req.view_args)
  File "c:\Users\alank\Documents\Udacity\Nanodegrees\Full_Stack_Web_Developer\capstone_grocery_market\.venv\lib\site-packages\flask_cors\decorator.py", line 128, in wrapped_function
    resp = make_response(f(*args, **kwargs))
  File "c:\Users\alank\Documents\Udacity\Nanodegrees\Full_Stack_Web_Developer\capstone_grocery_market\app.py", line 324, in wrapper
    token = _get_token_auth_header()
  File "c:\Users\alank\Documents\Udacity\Nanodegrees\Full_Stack_Web_Developer\capstone_grocery_market\app.py", line 176, in _get_token_auth_header
    access_key = session[conf_access_key]
  File "c:\Users\alank\Documents\Udacity\Nanodegrees\Full_Stack_Web_Developer\capstone_grocery_market\.venv\lib\site-packages\werkzeug\local.py", line 377, in <lambda>
    __getitem__ = lambda x, i: x._get_current_object()[i]
  File "c:\Users\alank\Documents\Udacity\Nanodegrees\Full_Stack_Web_Developer\capstone_grocery_market\.venv\lib\site-packages\flask\sessions.py", line 84, in __getitem__
    return super(SecureCookieSession, self).__getitem__(key)
KeyError: 'access_key'
2020-12-27 01:38:14,145 INFO:             errors [in c:\Users\alank\Documents\Udacity\Nanodegrees\Full_Stack_Web_Developer\capstone_grocery_market\app.py:418]
2020-12-27 01:38:32,032 ERROR:             Exception on /aisles [GET] [in c:\Users\alank\Documents\Udacity\Nanodegrees\Full_Stack_Web_Developer\capstone_grocery_market\.venv\lib\site-packages\flask\app.py:1892]
Traceback (most recent call last):
  File "c:\Users\alank\Documents\Udacity\Nanodegrees\Full_Stack_Web_Developer\capstone_grocery_market\.venv\lib\site-packages\flask\app.py", line 2447, in wsgi_app
    response = self.full_dispatch_request()
  File "c:\Users\alank\Documents\Udacity\Nanodegrees\Full_Stack_Web_Developer\capstone_grocery_market\.venv\lib\site-packages\flask\app.py", line 1952, in full_dispatch_request
    rv = self.handle_user_exception(e)
  File "c:\Users\alank\Documents\Udacity\Nanodegrees\Full_Stack_Web_Developer\capstone_grocery_market\.venv\lib\site-packages\flask_cors\extension.py", line 165, in wrapped_function
    return cors_after_request(app.make_response(f(*args, **kwargs)))
  File "c:\Users\alank\Documents\Udacity\Nanodegrees\Full_Stack_Web_Developer\capstone_grocery_market\.venv\lib\site-packages\flask\app.py", line 1821, in handle_user_exception
    reraise(exc_type, exc_value, tb)
  File "c:\Users\alank\Documents\Udacity\Nanodegrees\Full_Stack_Web_Developer\capstone_grocery_market\.venv\lib\site-packages\flask\_compat.py", line 39, in reraise
    raise value
  File "c:\Users\alank\Documents\Udacity\Nanodegrees\Full_Stack_Web_Developer\capstone_grocery_market\.venv\lib\site-packages\flask\app.py", line 1950, in full_dispatch_request
    rv = self.dispatch_request()
  File "c:\Users\alank\Documents\Udacity\Nanodegrees\Full_Stack_Web_Developer\capstone_grocery_market\.venv\lib\site-packages\flask\app.py", line 1936, in dispatch_request
    return self.view_functions[rule.endpoint](**req.view_args)
  File "c:\Users\alank\Documents\Udacity\Nanodegrees\Full_Stack_Web_Developer\capstone_grocery_market\.venv\lib\site-packages\flask_cors\decorator.py", line 128, in wrapped_function
    resp = make_response(f(*args, **kwargs))
  File "c:\Users\alank\Documents\Udacity\Nanodegrees\Full_Stack_Web_Developer\capstone_grocery_market\app.py", line 324, in wrapper
    token = _get_token_auth_header()
  File "c:\Users\alank\Documents\Udacity\Nanodegrees\Full_Stack_Web_Developer\capstone_grocery_market\app.py", line 176, in _get_token_auth_header
    access_key = session[conf_access_key]
  File "c:\Users\alank\Documents\Udacity\Nanodegrees\Full_Stack_Web_Developer\capstone_grocery_market\.venv\lib\site-packages\werkzeug\local.py", line 377, in <lambda>
    __getitem__ = lambda x, i: x._get_current_object()[i]
  File "c:\Users\alank\Documents\Udacity\Nanodegrees\Full_Stack_Web_Developer\capstone_grocery_market\.venv\lib\site-packages\flask\sessions.py", line 84, in __getitem__
    return super(SecureCookieSession, self).__getitem__(key)
KeyError: 'access_key'
2020-12-27 01:40:30,151 INFO:             errors [in c:\Users\alank\Documents\Udacity\Nanodegrees\Full_Stack_Web_Developer\capstone_grocery_market\app.py:418]
2020-12-27 13:54:11,985 INFO:             errors [in c:\Users\alank\Documents\Udacity\Nanodegrees\Full_Stack_Web_Developer\capstone_grocery_market\app.py:418]
2020-12-27 14:33:16,479 INFO:             errors [in c:\Users\alank\Documents\Udacity\Nanodegrees\Full_Stack_Web_Developer\capstone_grocery_market\app.py:418]
2020-12-27 14:35:32,547 INFO:             errors [in c:\Users\alank\Documents\Udacity\Nanodegrees\Full_Stack_Web_Developer\capstone_grocery_market\app.py:418]
2020-12-27 14:37:47,804 INFO:             errors [in c:\Users\alank\Documents\Udacity\Nanodegrees\Full_Stack_Web_Developer\capstone_grocery_market\app.py:418]
2020-12-27 14:38:27,676 INFO:             errors [in c:\Users\alank\Documents\Udacity\Nanodegrees\Full_Stack_Web_Developer\capstone_grocery_market\app.py:418]
2020-12-27 14:43:05,383 INFO:             errors [in c:\Users\alank\Documents\Udacity\Nanodegrees\Full_Stack_Web_Developer\capstone_grocery_market\app.py:418]
2020-12-27 14:43:09,102 INFO:             errors [in c:\Users\alank\Documents\Udacity\Nanodegrees\Full_Stack_Web_Developer\capstone_grocery_market\app.py:418]
2020-12-27 14:43:11,993 INFO:             errors [in c:\Users\alank\Documents\Udacity\Nanodegrees\Full_Stack_Web_Developer\capstone_grocery_market\app.py:418]
2020-12-27 14:44:03,870 INFO:             errors [in c:\Users\alank\Documents\Udacity\Nanodegrees\Full_Stack_Web_Developer\capstone_grocery_market\app.py:418]
2020-12-27 15:28:15,004 INFO:             errors [in c:\Users\alank\Documents\Udacity\Nanodegrees\Full_Stack_Web_Developer\capstone_grocery_market\app.py:418]
2020-12-27 15:28:19,610 INFO:             errors [in c:\Users\alank\Documents\Udacity\Nanodegrees\Full_Stack_Web_Developer\capstone_grocery_market\app.py:418]
2020-12-27 15:30:15,440 INFO:             errors [in c:\Users\alank\Documents\Udacity\Nanodegrees\Full_Stack_Web_Developer\capstone_grocery_market\app.py:418]
2020-12-27 15:30:17,938 INFO:             errors [in c:\Users\alank\Documents\Udacity\Nanodegrees\Full_Stack_Web_Developer\capstone_grocery_market\app.py:418]
2020-12-27 15:30:34,697 INFO:             errors [in c:\Users\alank\Documents\Udacity\Nanodegrees\Full_Stack_Web_Developer\capstone_grocery_market\app.py:418]
2020-12-27 15:30:46,773 INFO:             errors [in c:\Users\alank\Documents\Udacity\Nanodegrees\Full_Stack_Web_Developer\capstone_grocery_market\app.py:418]
2020-12-27 15:30:53,364 INFO:             errors [in c:\Users\alank\Documents\Udacity\Nanodegrees\Full_Stack_Web_Developer\capstone_grocery_market\app.py:418]
2020-12-27 15:31:53,179 INFO:             errors [in c:\Users\alank\Documents\Udacity\Nanodegrees\Full_Stack_Web_Developer\capstone_grocery_market\app.py:418]
2020-12-27 15:32:08,739 INFO:             errors [in c:\Users\alank\Documents\Udacity\Nanodegrees\Full_Stack_Web_Developer\capstone_grocery_market\app.py:418]
2020-12-27 15:32:30,200 INFO:             errors [in c:\Users\alank\Documents\Udacity\Nanodegrees\Full_Stack_Web_Developer\capstone_grocery_market\app.py:418]
2020-12-27 15:33:38,892 INFO:             errors [in c:\Users\alank\Documents\Udacity\Nanodegrees\Full_Stack_Web_Developer\capstone_grocery_market\app.py:418]
2020-12-27 15:33:46,215 INFO:             errors [in c:\Users\alank\Documents\Udacity\Nanodegrees\Full_Stack_Web_Developer\capstone_grocery_market\app.py:418]
2020-12-27 15:43:02,796 INFO:             errors [in c:\Users\alank\Documents\Udacity\Nanodegrees\Full_Stack_Web_Developer\capstone_grocery_market\app.py:418]
2020-12-27 15:45:26,353 INFO:             errors [in c:\Users\alank\Documents\Udacity\Nanodegrees\Full_Stack_Web_Developer\capstone_grocery_market\app.py:418]
2020-12-27 15:45:38,371 INFO:             errors [in c:\Users\alank\Documents\Udacity\Nanodegrees\Full_Stack_Web_Developer\capstone_grocery_market\app.py:418]
2020-12-27 15:46:05,807 INFO:             errors [in c:\Users\alank\Documents\Udacity\Nanodegrees\Full_Stack_Web_Developer\capstone_grocery_market\app.py:418]
2020-12-27 15:46:19,908 INFO:             errors [in c:\Users\alank\Documents\Udacity\Nanodegrees\Full_Stack_Web_Developer\capstone_grocery_market\app.py:418]
2020-12-27 15:46:34,159 INFO:             errors [in c:\Users\alank\Documents\Udacity\Nanodegrees\Full_Stack_Web_Developer\capstone_grocery_market\app.py:418]
2020-12-27 15:47:01,689 INFO:             errors [in c:\Users\alank\Documents\Udacity\Nanodegrees\Full_Stack_Web_Developer\capstone_grocery_market\app.py:418]
2020-12-27 15:47:52,734 INFO:             errors [in c:\Users\alank\Documents\Udacity\Nanodegrees\Full_Stack_Web_Developer\capstone_grocery_market\app.py:418]
2020-12-27 15:47:57,398 INFO:             errors [in c:\Users\alank\Documents\Udacity\Nanodegrees\Full_Stack_Web_Developer\capstone_grocery_market\app.py:418]
2020-12-27 15:48:19,302 INFO:             errors [in c:\Users\alank\Documents\Udacity\Nanodegrees\Full_Stack_Web_Developer\capstone_grocery_market\app.py:418]
2020-12-27 15:48:28,579 INFO:             errors [in c:\Users\alank\Documents\Udacity\Nanodegrees\Full_Stack_Web_Developer\capstone_grocery_market\app.py:418]
2020-12-27 15:48:36,813 INFO:             errors [in c:\Users\alank\Documents\Udacity\Nanodegrees\Full_Stack_Web_Developer\capstone_grocery_market\app.py:418]
2020-12-27 15:48:40,760 INFO:             errors [in c:\Users\alank\Documents\Udacity\Nanodegrees\Full_Stack_Web_Developer\capstone_grocery_market\app.py:418]
2020-12-27 15:49:46,372 ERROR:             Exception on /aisles [GET] [in c:\Users\alank\Documents\Udacity\Nanodegrees\Full_Stack_Web_Developer\capstone_grocery_market\.venv\lib\site-packages\flask\app.py:1892]
Traceback (most recent call last):
  File "c:\Users\alank\Documents\Udacity\Nanodegrees\Full_Stack_Web_Developer\capstone_grocery_market\.venv\lib\site-packages\flask\app.py", line 2447, in wsgi_app
    response = self.full_dispatch_request()
  File "c:\Users\alank\Documents\Udacity\Nanodegrees\Full_Stack_Web_Developer\capstone_grocery_market\.venv\lib\site-packages\flask\app.py", line 1952, in full_dispatch_request
    rv = self.handle_user_exception(e)
  File "c:\Users\alank\Documents\Udacity\Nanodegrees\Full_Stack_Web_Developer\capstone_grocery_market\.venv\lib\site-packages\flask_cors\extension.py", line 165, in wrapped_function
    return cors_after_request(app.make_response(f(*args, **kwargs)))
  File "c:\Users\alank\Documents\Udacity\Nanodegrees\Full_Stack_Web_Developer\capstone_grocery_market\.venv\lib\site-packages\flask\app.py", line 1821, in handle_user_exception
    reraise(exc_type, exc_value, tb)
  File "c:\Users\alank\Documents\Udacity\Nanodegrees\Full_Stack_Web_Developer\capstone_grocery_market\.venv\lib\site-packages\flask\_compat.py", line 39, in reraise
    raise value
  File "c:\Users\alank\Documents\Udacity\Nanodegrees\Full_Stack_Web_Developer\capstone_grocery_market\.venv\lib\site-packages\flask\app.py", line 1950, in full_dispatch_request
    rv = self.dispatch_request()
  File "c:\Users\alank\Documents\Udacity\Nanodegrees\Full_Stack_Web_Developer\capstone_grocery_market\.venv\lib\site-packages\flask\app.py", line 1936, in dispatch_request
    return self.view_functions[rule.endpoint](**req.view_args)
  File "c:\Users\alank\Documents\Udacity\Nanodegrees\Full_Stack_Web_Developer\capstone_grocery_market\.venv\lib\site-packages\flask_cors\decorator.py", line 128, in wrapped_function
    resp = make_response(f(*args, **kwargs))
  File "c:\Users\alank\Documents\Udacity\Nanodegrees\Full_Stack_Web_Developer\capstone_grocery_market\app.py", line 324, in wrapper
    token = _get_token_auth_header()
  File "c:\Users\alank\Documents\Udacity\Nanodegrees\Full_Stack_Web_Developer\capstone_grocery_market\app.py", line 176, in _get_token_auth_header
    access_key = session[conf_access_key]
  File "c:\Users\alank\Documents\Udacity\Nanodegrees\Full_Stack_Web_Developer\capstone_grocery_market\.venv\lib\site-packages\werkzeug\local.py", line 377, in <lambda>
    __getitem__ = lambda x, i: x._get_current_object()[i]
  File "c:\Users\alank\Documents\Udacity\Nanodegrees\Full_Stack_Web_Developer\capstone_grocery_market\.venv\lib\site-packages\flask\sessions.py", line 84, in __getitem__
    return super(SecureCookieSession, self).__getitem__(key)
KeyError: 'access_key'
2020-12-27 15:49:55,034 INFO:             errors [in c:\Users\alank\Documents\Udacity\Nanodegrees\Full_Stack_Web_Developer\capstone_grocery_market\app.py:418]
2020-12-27 15:50:00,833 ERROR:             Exception on /aisles [GET] [in c:\Users\alank\Documents\Udacity\Nanodegrees\Full_Stack_Web_Developer\capstone_grocery_market\.venv\lib\site-packages\flask\app.py:1892]
Traceback (most recent call last):
  File "c:\Users\alank\Documents\Udacity\Nanodegrees\Full_Stack_Web_Developer\capstone_grocery_market\.venv\lib\site-packages\flask\app.py", line 2447, in wsgi_app
    response = self.full_dispatch_request()
  File "c:\Users\alank\Documents\Udacity\Nanodegrees\Full_Stack_Web_Developer\capstone_grocery_market\.venv\lib\site-packages\flask\app.py", line 1952, in full_dispatch_request
    rv = self.handle_user_exception(e)
  File "c:\Users\alank\Documents\Udacity\Nanodegrees\Full_Stack_Web_Developer\capstone_grocery_market\.venv\lib\site-packages\flask_cors\extension.py", line 165, in wrapped_function
    return cors_after_request(app.make_response(f(*args, **kwargs)))
  File "c:\Users\alank\Documents\Udacity\Nanodegrees\Full_Stack_Web_Developer\capstone_grocery_market\.venv\lib\site-packages\flask\app.py", line 1821, in handle_user_exception
    reraise(exc_type, exc_value, tb)
  File "c:\Users\alank\Documents\Udacity\Nanodegrees\Full_Stack_Web_Developer\capstone_grocery_market\.venv\lib\site-packages\flask\_compat.py", line 39, in reraise
    raise value
  File "c:\Users\alank\Documents\Udacity\Nanodegrees\Full_Stack_Web_Developer\capstone_grocery_market\.venv\lib\site-packages\flask\app.py", line 1950, in full_dispatch_request
    rv = self.dispatch_request()
  File "c:\Users\alank\Documents\Udacity\Nanodegrees\Full_Stack_Web_Developer\capstone_grocery_market\.venv\lib\site-packages\flask\app.py", line 1936, in dispatch_request
    return self.view_functions[rule.endpoint](**req.view_args)
  File "c:\Users\alank\Documents\Udacity\Nanodegrees\Full_Stack_Web_Developer\capstone_grocery_market\.venv\lib\site-packages\flask_cors\decorator.py", line 128, in wrapped_function
    resp = make_response(f(*args, **kwargs))
  File "c:\Users\alank\Documents\Udacity\Nanodegrees\Full_Stack_Web_Developer\capstone_grocery_market\app.py", line 324, in wrapper
    token = _get_token_auth_header()
  File "c:\Users\alank\Documents\Udacity\Nanodegrees\Full_Stack_Web_Developer\capstone_grocery_market\app.py", line 176, in _get_token_auth_header
    access_key = session[conf_access_key]
  File "c:\Users\alank\Documents\Udacity\Nanodegrees\Full_Stack_Web_Developer\capstone_grocery_market\.venv\lib\site-packages\werkzeug\local.py", line 377, in <lambda>
    __getitem__ = lambda x, i: x._get_current_object()[i]
  File "c:\Users\alank\Documents\Udacity\Nanodegrees\Full_Stack_Web_Developer\capstone_grocery_market\.venv\lib\site-packages\flask\sessions.py", line 84, in __getitem__
    return super(SecureCookieSession, self).__getitem__(key)
KeyError: 'access_key'
2020-12-27 16:08:10,677 INFO:             errors [in c:\Users\alank\Documents\Udacity\Nanodegrees\Full_Stack_Web_Developer\capstone_grocery_market\app.py:418]
2020-12-27 16:46:41,708 INFO:             errors [in c:\Users\alank\Documents\Udacity\Nanodegrees\Full_Stack_Web_Developer\capstone_grocery_market\app.py:418]
2020-12-27 19:37:48,459 INFO:             errors [in c:\Users\alank\Documents\Udacity\Nanodegrees\Full_Stack_Web_Developer\capstone_grocery_market\app.py:418]
2020-12-27 19:38:15,214 INFO:             errors [in c:\Users\alank\Documents\Udacity\Nanodegrees\Full_Stack_Web_Developer\capstone_grocery_market\app.py:418]
2020-12-27 19:38:35,981 INFO:             errors [in c:\Users\alank\Documents\Udacity\Nanodegrees\Full_Stack_Web_Developer\capstone_grocery_market\app.py:418]
2020-12-27 19:40:03,223 INFO:             errors [in c:\Users\alank\Documents\Udacity\Nanodegrees\Full_Stack_Web_Developer\capstone_grocery_market\app.py:418]
2020-12-27 19:40:19,272 INFO:             errors [in c:\Users\alank\Documents\Udacity\Nanodegrees\Full_Stack_Web_Developer\capstone_grocery_market\app.py:418]
2020-12-27 19:40:27,237 INFO:             errors [in c:\Users\alank\Documents\Udacity\Nanodegrees\Full_Stack_Web_Developer\capstone_grocery_market\app.py:418]
2020-12-27 19:40:30,140 INFO:             errors [in c:\Users\alank\Documents\Udacity\Nanodegrees\Full_Stack_Web_Developer\capstone_grocery_market\app.py:418]
2020-12-27 19:40:45,342 INFO:             errors [in c:\Users\alank\Documents\Udacity\Nanodegrees\Full_Stack_Web_Developer\capstone_grocery_market\app.py:418]
2020-12-27 19:41:05,337 INFO:             errors [in c:\Users\alank\Documents\Udacity\Nanodegrees\Full_Stack_Web_Developer\capstone_grocery_market\app.py:418]
2020-12-27 19:42:20,798 INFO:             errors [in c:\Users\alank\Documents\Udacity\Nanodegrees\Full_Stack_Web_Developer\capstone_grocery_market\app.py:418]
2020-12-27 19:55:02,427 INFO:             errors [in c:\Users\alank\Documents\Udacity\Nanodegrees\Full_Stack_Web_Developer\capstone_grocery_market\app.py:418]
2020-12-27 19:55:12,289 INFO:             errors [in c:\Users\alank\Documents\Udacity\Nanodegrees\Full_Stack_Web_Developer\capstone_grocery_market\app.py:418]
2020-12-27 19:55:21,782 INFO:             errors [in c:\Users\alank\Documents\Udacity\Nanodegrees\Full_Stack_Web_Developer\capstone_grocery_market\app.py:418]
2020-12-27 19:55:41,570 INFO:             errors [in c:\Users\alank\Documents\Udacity\Nanodegrees\Full_Stack_Web_Developer\capstone_grocery_market\app.py:418]
2020-12-27 19:55:51,591 INFO:             errors [in c:\Users\alank\Documents\Udacity\Nanodegrees\Full_Stack_Web_Developer\capstone_grocery_market\app.py:418]
2020-12-27 19:56:08,682 INFO:             errors [in c:\Users\alank\Documents\Udacity\Nanodegrees\Full_Stack_Web_Developer\capstone_grocery_market\app.py:418]
2020-12-27 19:56:12,309 INFO:             errors [in c:\Users\alank\Documents\Udacity\Nanodegrees\Full_Stack_Web_Developer\capstone_grocery_market\app.py:418]
2020-12-27 19:56:45,534 INFO:             errors [in c:\Users\alank\Documents\Udacity\Nanodegrees\Full_Stack_Web_Developer\capstone_grocery_market\app.py:418]
2020-12-27 20:34:08,754 INFO:             errors [in c:\Users\alank\Documents\Udacity\Nanodegrees\Full_Stack_Web_Developer\capstone_grocery_market\app.py:418]
2020-12-27 20:44:20,325 INFO:             errors [in c:\Users\alank\Documents\Udacity\Nanodegrees\Full_Stack_Web_Developer\capstone_grocery_market\app.py:418]
2020-12-27 20:44:26,895 INFO:             errors [in c:\Users\alank\Documents\Udacity\Nanodegrees\Full_Stack_Web_Developer\capstone_grocery_market\app.py:418]
2020-12-27 20:55:10,243 ERROR:             Exception on /aisles [GET] [in c:\Users\alank\Documents\Udacity\Nanodegrees\Full_Stack_Web_Developer\capstone_grocery_market\.venv\lib\site-packages\flask\app.py:1892]
Traceback (most recent call last):
  File "c:\Users\alank\Documents\Udacity\Nanodegrees\Full_Stack_Web_Developer\capstone_grocery_market\.venv\lib\site-packages\flask\app.py", line 2447, in wsgi_app
    response = self.full_dispatch_request()
  File "c:\Users\alank\Documents\Udacity\Nanodegrees\Full_Stack_Web_Developer\capstone_grocery_market\.venv\lib\site-packages\flask\app.py", line 1952, in full_dispatch_request
    rv = self.handle_user_exception(e)
  File "c:\Users\alank\Documents\Udacity\Nanodegrees\Full_Stack_Web_Developer\capstone_grocery_market\.venv\lib\site-packages\flask_cors\extension.py", line 165, in wrapped_function
    return cors_after_request(app.make_response(f(*args, **kwargs)))
  File "c:\Users\alank\Documents\Udacity\Nanodegrees\Full_Stack_Web_Developer\capstone_grocery_market\.venv\lib\site-packages\flask\app.py", line 1821, in handle_user_exception
    reraise(exc_type, exc_value, tb)
  File "c:\Users\alank\Documents\Udacity\Nanodegrees\Full_Stack_Web_Developer\capstone_grocery_market\.venv\lib\site-packages\flask\_compat.py", line 39, in reraise
    raise value
  File "c:\Users\alank\Documents\Udacity\Nanodegrees\Full_Stack_Web_Developer\capstone_grocery_market\.venv\lib\site-packages\flask\app.py", line 1950, in full_dispatch_request
    rv = self.dispatch_request()
  File "c:\Users\alank\Documents\Udacity\Nanodegrees\Full_Stack_Web_Developer\capstone_grocery_market\.venv\lib\site-packages\flask\app.py", line 1936, in dispatch_request
    return self.view_functions[rule.endpoint](**req.view_args)
  File "c:\Users\alank\Documents\Udacity\Nanodegrees\Full_Stack_Web_Developer\capstone_grocery_market\.venv\lib\site-packages\flask_cors\decorator.py", line 128, in wrapped_function
    resp = make_response(f(*args, **kwargs))
  File "c:\Users\alank\Documents\Udacity\Nanodegrees\Full_Stack_Web_Developer\capstone_grocery_market\app.py", line 324, in wrapper
    token = _get_token_auth_header()
  File "c:\Users\alank\Documents\Udacity\Nanodegrees\Full_Stack_Web_Developer\capstone_grocery_market\app.py", line 176, in _get_token_auth_header
    access_key = session[conf_access_key]
  File "c:\Users\alank\Documents\Udacity\Nanodegrees\Full_Stack_Web_Developer\capstone_grocery_market\.venv\lib\site-packages\werkzeug\local.py", line 377, in <lambda>
    __getitem__ = lambda x, i: x._get_current_object()[i]
  File "c:\Users\alank\Documents\Udacity\Nanodegrees\Full_Stack_Web_Developer\capstone_grocery_market\.venv\lib\site-packages\flask\sessions.py", line 84, in __getitem__
    return super(SecureCookieSession, self).__getitem__(key)
KeyError: 'access_key'
2020-12-28 01:16:49,488 INFO:             errors [in c:\Users\alank\Documents\Udacity\Nanodegrees\Full_Stack_Web_Developer\capstone_grocery_market\app.py:418]
2020-12-28 01:17:02,788 INFO:             errors [in c:\Users\alank\Documents\Udacity\Nanodegrees\Full_Stack_Web_Developer\capstone_grocery_market\app.py:418]
2020-12-28 01:17:33,593 INFO:             errors [in c:\Users\alank\Documents\Udacity\Nanodegrees\Full_Stack_Web_Developer\capstone_grocery_market\app.py:418]
2020-12-28 01:18:04,613 INFO:             errors [in c:\Users\alank\Documents\Udacity\Nanodegrees\Full_Stack_Web_Developer\capstone_grocery_market\app.py:418]
2020-12-28 01:18:11,097 INFO:             errors [in c:\Users\alank\Documents\Udacity\Nanodegrees\Full_Stack_Web_Developer\capstone_grocery_market\app.py:418]
2020-12-28 01:18:18,918 INFO:             errors [in c:\Users\alank\Documents\Udacity\Nanodegrees\Full_Stack_Web_Developer\capstone_grocery_market\app.py:418]
2020-12-28 01:18:26,815 ERROR:             Exception on /aisles [GET] [in c:\Users\alank\Documents\Udacity\Nanodegrees\Full_Stack_Web_Developer\capstone_grocery_market\.venv\lib\site-packages\flask\app.py:1892]
Traceback (most recent call last):
  File "c:\Users\alank\Documents\Udacity\Nanodegrees\Full_Stack_Web_Developer\capstone_grocery_market\.venv\lib\site-packages\flask\app.py", line 2447, in wsgi_app
    response = self.full_dispatch_request()
  File "c:\Users\alank\Documents\Udacity\Nanodegrees\Full_Stack_Web_Developer\capstone_grocery_market\.venv\lib\site-packages\flask\app.py", line 1952, in full_dispatch_request
    rv = self.handle_user_exception(e)
  File "c:\Users\alank\Documents\Udacity\Nanodegrees\Full_Stack_Web_Developer\capstone_grocery_market\.venv\lib\site-packages\flask_cors\extension.py", line 165, in wrapped_function
    return cors_after_request(app.make_response(f(*args, **kwargs)))
  File "c:\Users\alank\Documents\Udacity\Nanodegrees\Full_Stack_Web_Developer\capstone_grocery_market\.venv\lib\site-packages\flask\app.py", line 1821, in handle_user_exception
    reraise(exc_type, exc_value, tb)
  File "c:\Users\alank\Documents\Udacity\Nanodegrees\Full_Stack_Web_Developer\capstone_grocery_market\.venv\lib\site-packages\flask\_compat.py", line 39, in reraise
    raise value
  File "c:\Users\alank\Documents\Udacity\Nanodegrees\Full_Stack_Web_Developer\capstone_grocery_market\.venv\lib\site-packages\flask\app.py", line 1950, in full_dispatch_request
    rv = self.dispatch_request()
  File "c:\Users\alank\Documents\Udacity\Nanodegrees\Full_Stack_Web_Developer\capstone_grocery_market\.venv\lib\site-packages\flask\app.py", line 1936, in dispatch_request
    return self.view_functions[rule.endpoint](**req.view_args)
  File "c:\Users\alank\Documents\Udacity\Nanodegrees\Full_Stack_Web_Developer\capstone_grocery_market\.venv\lib\site-packages\flask_cors\decorator.py", line 128, in wrapped_function
    resp = make_response(f(*args, **kwargs))
  File "c:\Users\alank\Documents\Udacity\Nanodegrees\Full_Stack_Web_Developer\capstone_grocery_market\app.py", line 324, in wrapper
    token = _get_token_auth_header()
  File "c:\Users\alank\Documents\Udacity\Nanodegrees\Full_Stack_Web_Developer\capstone_grocery_market\app.py", line 176, in _get_token_auth_header
    access_key = session[conf_access_key]
  File "c:\Users\alank\Documents\Udacity\Nanodegrees\Full_Stack_Web_Developer\capstone_grocery_market\.venv\lib\site-packages\werkzeug\local.py", line 377, in <lambda>
    __getitem__ = lambda x, i: x._get_current_object()[i]
  File "c:\Users\alank\Documents\Udacity\Nanodegrees\Full_Stack_Web_Developer\capstone_grocery_market\.venv\lib\site-packages\flask\sessions.py", line 84, in __getitem__
    return super(SecureCookieSession, self).__getitem__(key)
KeyError: 'access_key'
2020-12-28 01:20:12,208 INFO:             errors [in c:\Users\alank\Documents\Udacity\Nanodegrees\Full_Stack_Web_Developer\capstone_grocery_market\app.py:418]
2020-12-28 01:21:04,602 INFO:             errors [in c:\Users\alank\Documents\Udacity\Nanodegrees\Full_Stack_Web_Developer\capstone_grocery_market\app.py:418]
2020-12-28 01:21:16,333 INFO:             errors [in c:\Users\alank\Documents\Udacity\Nanodegrees\Full_Stack_Web_Developer\capstone_grocery_market\app.py:418]
2020-12-28 01:21:24,244 ERROR:             Exception on /aisles [GET] [in c:\Users\alank\Documents\Udacity\Nanodegrees\Full_Stack_Web_Developer\capstone_grocery_market\.venv\lib\site-packages\flask\app.py:1892]
Traceback (most recent call last):
  File "c:\Users\alank\Documents\Udacity\Nanodegrees\Full_Stack_Web_Developer\capstone_grocery_market\.venv\lib\site-packages\flask\app.py", line 2447, in wsgi_app
    response = self.full_dispatch_request()
  File "c:\Users\alank\Documents\Udacity\Nanodegrees\Full_Stack_Web_Developer\capstone_grocery_market\.venv\lib\site-packages\flask\app.py", line 1952, in full_dispatch_request
    rv = self.handle_user_exception(e)
  File "c:\Users\alank\Documents\Udacity\Nanodegrees\Full_Stack_Web_Developer\capstone_grocery_market\.venv\lib\site-packages\flask_cors\extension.py", line 165, in wrapped_function
    return cors_after_request(app.make_response(f(*args, **kwargs)))
  File "c:\Users\alank\Documents\Udacity\Nanodegrees\Full_Stack_Web_Developer\capstone_grocery_market\.venv\lib\site-packages\flask\app.py", line 1821, in handle_user_exception
    reraise(exc_type, exc_value, tb)
  File "c:\Users\alank\Documents\Udacity\Nanodegrees\Full_Stack_Web_Developer\capstone_grocery_market\.venv\lib\site-packages\flask\_compat.py", line 39, in reraise
    raise value
  File "c:\Users\alank\Documents\Udacity\Nanodegrees\Full_Stack_Web_Developer\capstone_grocery_market\.venv\lib\site-packages\flask\app.py", line 1950, in full_dispatch_request
    rv = self.dispatch_request()
  File "c:\Users\alank\Documents\Udacity\Nanodegrees\Full_Stack_Web_Developer\capstone_grocery_market\.venv\lib\site-packages\flask\app.py", line 1936, in dispatch_request
    return self.view_functions[rule.endpoint](**req.view_args)
  File "c:\Users\alank\Documents\Udacity\Nanodegrees\Full_Stack_Web_Developer\capstone_grocery_market\.venv\lib\site-packages\flask_cors\decorator.py", line 128, in wrapped_function
    resp = make_response(f(*args, **kwargs))
  File "c:\Users\alank\Documents\Udacity\Nanodegrees\Full_Stack_Web_Developer\capstone_grocery_market\app.py", line 324, in wrapper
    token = _get_token_auth_header()
  File "c:\Users\alank\Documents\Udacity\Nanodegrees\Full_Stack_Web_Developer\capstone_grocery_market\app.py", line 176, in _get_token_auth_header
    access_key = session[conf_access_key]
  File "c:\Users\alank\Documents\Udacity\Nanodegrees\Full_Stack_Web_Developer\capstone_grocery_market\.venv\lib\site-packages\werkzeug\local.py", line 377, in <lambda>
    __getitem__ = lambda x, i: x._get_current_object()[i]
  File "c:\Users\alank\Documents\Udacity\Nanodegrees\Full_Stack_Web_Developer\capstone_grocery_market\.venv\lib\site-packages\flask\sessions.py", line 84, in __getitem__
    return super(SecureCookieSession, self).__getitem__(key)
KeyError: 'access_key'
2020-12-28 02:29:01,404 INFO:             errors [in c:\Users\alank\Documents\Udacity\Nanodegrees\Full_Stack_Web_Developer\capstone_grocery_market\app.py:418]
2020-12-28 02:29:09,401 INFO:             errors [in c:\Users\alank\Documents\Udacity\Nanodegrees\Full_Stack_Web_Developer\capstone_grocery_market\app.py:418]
2020-12-28 02:29:14,172 ERROR:             Exception on /aisles [GET] [in c:\Users\alank\Documents\Udacity\Nanodegrees\Full_Stack_Web_Developer\capstone_grocery_market\.venv\lib\site-packages\flask\app.py:1892]
Traceback (most recent call last):
  File "c:\Users\alank\Documents\Udacity\Nanodegrees\Full_Stack_Web_Developer\capstone_grocery_market\.venv\lib\site-packages\flask\app.py", line 2447, in wsgi_app
    response = self.full_dispatch_request()
  File "c:\Users\alank\Documents\Udacity\Nanodegrees\Full_Stack_Web_Developer\capstone_grocery_market\.venv\lib\site-packages\flask\app.py", line 1952, in full_dispatch_request
    rv = self.handle_user_exception(e)
  File "c:\Users\alank\Documents\Udacity\Nanodegrees\Full_Stack_Web_Developer\capstone_grocery_market\.venv\lib\site-packages\flask_cors\extension.py", line 165, in wrapped_function
    return cors_after_request(app.make_response(f(*args, **kwargs)))
  File "c:\Users\alank\Documents\Udacity\Nanodegrees\Full_Stack_Web_Developer\capstone_grocery_market\.venv\lib\site-packages\flask\app.py", line 1821, in handle_user_exception
    reraise(exc_type, exc_value, tb)
  File "c:\Users\alank\Documents\Udacity\Nanodegrees\Full_Stack_Web_Developer\capstone_grocery_market\.venv\lib\site-packages\flask\_compat.py", line 39, in reraise
    raise value
  File "c:\Users\alank\Documents\Udacity\Nanodegrees\Full_Stack_Web_Developer\capstone_grocery_market\.venv\lib\site-packages\flask\app.py", line 1950, in full_dispatch_request
    rv = self.dispatch_request()
  File "c:\Users\alank\Documents\Udacity\Nanodegrees\Full_Stack_Web_Developer\capstone_grocery_market\.venv\lib\site-packages\flask\app.py", line 1936, in dispatch_request
    return self.view_functions[rule.endpoint](**req.view_args)
  File "c:\Users\alank\Documents\Udacity\Nanodegrees\Full_Stack_Web_Developer\capstone_grocery_market\.venv\lib\site-packages\flask_cors\decorator.py", line 128, in wrapped_function
    resp = make_response(f(*args, **kwargs))
  File "c:\Users\alank\Documents\Udacity\Nanodegrees\Full_Stack_Web_Developer\capstone_grocery_market\app.py", line 324, in wrapper
    token = _get_token_auth_header()
  File "c:\Users\alank\Documents\Udacity\Nanodegrees\Full_Stack_Web_Developer\capstone_grocery_market\app.py", line 176, in _get_token_auth_header
    access_key = session[conf_access_key]
  File "c:\Users\alank\Documents\Udacity\Nanodegrees\Full_Stack_Web_Developer\capstone_grocery_market\.venv\lib\site-packages\werkzeug\local.py", line 377, in <lambda>
    __getitem__ = lambda x, i: x._get_current_object()[i]
  File "c:\Users\alank\Documents\Udacity\Nanodegrees\Full_Stack_Web_Developer\capstone_grocery_market\.venv\lib\site-packages\flask\sessions.py", line 84, in __getitem__
    return super(SecureCookieSession, self).__getitem__(key)
KeyError: 'access_key'
2020-12-28 02:29:55,967 INFO:             errors [in c:\Users\alank\Documents\Udacity\Nanodegrees\Full_Stack_Web_Developer\capstone_grocery_market\app.py:418]
2020-12-28 02:29:59,977 INFO:             errors [in c:\Users\alank\Documents\Udacity\Nanodegrees\Full_Stack_Web_Developer\capstone_grocery_market\app.py:418]
2020-12-28 02:30:07,384 ERROR:             Exception on /aisles [GET] [in c:\Users\alank\Documents\Udacity\Nanodegrees\Full_Stack_Web_Developer\capstone_grocery_market\.venv\lib\site-packages\flask\app.py:1892]
Traceback (most recent call last):
  File "c:\Users\alank\Documents\Udacity\Nanodegrees\Full_Stack_Web_Developer\capstone_grocery_market\.venv\lib\site-packages\flask\app.py", line 2447, in wsgi_app
    response = self.full_dispatch_request()
  File "c:\Users\alank\Documents\Udacity\Nanodegrees\Full_Stack_Web_Developer\capstone_grocery_market\.venv\lib\site-packages\flask\app.py", line 1952, in full_dispatch_request
    rv = self.handle_user_exception(e)
  File "c:\Users\alank\Documents\Udacity\Nanodegrees\Full_Stack_Web_Developer\capstone_grocery_market\.venv\lib\site-packages\flask_cors\extension.py", line 165, in wrapped_function
    return cors_after_request(app.make_response(f(*args, **kwargs)))
  File "c:\Users\alank\Documents\Udacity\Nanodegrees\Full_Stack_Web_Developer\capstone_grocery_market\.venv\lib\site-packages\flask\app.py", line 1821, in handle_user_exception
    reraise(exc_type, exc_value, tb)
  File "c:\Users\alank\Documents\Udacity\Nanodegrees\Full_Stack_Web_Developer\capstone_grocery_market\.venv\lib\site-packages\flask\_compat.py", line 39, in reraise
    raise value
  File "c:\Users\alank\Documents\Udacity\Nanodegrees\Full_Stack_Web_Developer\capstone_grocery_market\.venv\lib\site-packages\flask\app.py", line 1950, in full_dispatch_request
    rv = self.dispatch_request()
  File "c:\Users\alank\Documents\Udacity\Nanodegrees\Full_Stack_Web_Developer\capstone_grocery_market\.venv\lib\site-packages\flask\app.py", line 1936, in dispatch_request
    return self.view_functions[rule.endpoint](**req.view_args)
  File "c:\Users\alank\Documents\Udacity\Nanodegrees\Full_Stack_Web_Developer\capstone_grocery_market\.venv\lib\site-packages\flask_cors\decorator.py", line 128, in wrapped_function
    resp = make_response(f(*args, **kwargs))
  File "c:\Users\alank\Documents\Udacity\Nanodegrees\Full_Stack_Web_Developer\capstone_grocery_market\app.py", line 324, in wrapper
    token = _get_token_auth_header()
  File "c:\Users\alank\Documents\Udacity\Nanodegrees\Full_Stack_Web_Developer\capstone_grocery_market\app.py", line 176, in _get_token_auth_header
    access_key = session[conf_access_key]
  File "c:\Users\alank\Documents\Udacity\Nanodegrees\Full_Stack_Web_Developer\capstone_grocery_market\.venv\lib\site-packages\werkzeug\local.py", line 377, in <lambda>
    __getitem__ = lambda x, i: x._get_current_object()[i]
  File "c:\Users\alank\Documents\Udacity\Nanodegrees\Full_Stack_Web_Developer\capstone_grocery_market\.venv\lib\site-packages\flask\sessions.py", line 84, in __getitem__
    return super(SecureCookieSession, self).__getitem__(key)
KeyError: 'access_key'
2020-12-28 02:30:29,377 INFO:             errors [in c:\Users\alank\Documents\Udacity\Nanodegrees\Full_Stack_Web_Developer\capstone_grocery_market\app.py:418]
2020-12-28 02:31:03,083 INFO:             errors [in c:\Users\alank\Documents\Udacity\Nanodegrees\Full_Stack_Web_Developer\capstone_grocery_market\app.py:418]
2020-12-28 02:31:14,201 INFO:             errors [in c:\Users\alank\Documents\Udacity\Nanodegrees\Full_Stack_Web_Developer\capstone_grocery_market\app.py:418]
2020-12-28 02:31:26,961 INFO:             errors [in c:\Users\alank\Documents\Udacity\Nanodegrees\Full_Stack_Web_Developer\capstone_grocery_market\app.py:418]
2020-12-28 02:31:29,572 ERROR:             Exception on /aisles [GET] [in c:\Users\alank\Documents\Udacity\Nanodegrees\Full_Stack_Web_Developer\capstone_grocery_market\.venv\lib\site-packages\flask\app.py:1892]
Traceback (most recent call last):
  File "c:\Users\alank\Documents\Udacity\Nanodegrees\Full_Stack_Web_Developer\capstone_grocery_market\.venv\lib\site-packages\flask\app.py", line 2447, in wsgi_app
    response = self.full_dispatch_request()
  File "c:\Users\alank\Documents\Udacity\Nanodegrees\Full_Stack_Web_Developer\capstone_grocery_market\.venv\lib\site-packages\flask\app.py", line 1952, in full_dispatch_request
    rv = self.handle_user_exception(e)
  File "c:\Users\alank\Documents\Udacity\Nanodegrees\Full_Stack_Web_Developer\capstone_grocery_market\.venv\lib\site-packages\flask_cors\extension.py", line 165, in wrapped_function
    return cors_after_request(app.make_response(f(*args, **kwargs)))
  File "c:\Users\alank\Documents\Udacity\Nanodegrees\Full_Stack_Web_Developer\capstone_grocery_market\.venv\lib\site-packages\flask\app.py", line 1821, in handle_user_exception
    reraise(exc_type, exc_value, tb)
  File "c:\Users\alank\Documents\Udacity\Nanodegrees\Full_Stack_Web_Developer\capstone_grocery_market\.venv\lib\site-packages\flask\_compat.py", line 39, in reraise
    raise value
  File "c:\Users\alank\Documents\Udacity\Nanodegrees\Full_Stack_Web_Developer\capstone_grocery_market\.venv\lib\site-packages\flask\app.py", line 1950, in full_dispatch_request
    rv = self.dispatch_request()
  File "c:\Users\alank\Documents\Udacity\Nanodegrees\Full_Stack_Web_Developer\capstone_grocery_market\.venv\lib\site-packages\flask\app.py", line 1936, in dispatch_request
    return self.view_functions[rule.endpoint](**req.view_args)
  File "c:\Users\alank\Documents\Udacity\Nanodegrees\Full_Stack_Web_Developer\capstone_grocery_market\.venv\lib\site-packages\flask_cors\decorator.py", line 128, in wrapped_function
    resp = make_response(f(*args, **kwargs))
  File "c:\Users\alank\Documents\Udacity\Nanodegrees\Full_Stack_Web_Developer\capstone_grocery_market\app.py", line 324, in wrapper
    token = _get_token_auth_header()
  File "c:\Users\alank\Documents\Udacity\Nanodegrees\Full_Stack_Web_Developer\capstone_grocery_market\app.py", line 176, in _get_token_auth_header
    access_key = session[conf_access_key]
  File "c:\Users\alank\Documents\Udacity\Nanodegrees\Full_Stack_Web_Developer\capstone_grocery_market\.venv\lib\site-packages\werkzeug\local.py", line 377, in <lambda>
    __getitem__ = lambda x, i: x._get_current_object()[i]
  File "c:\Users\alank\Documents\Udacity\Nanodegrees\Full_Stack_Web_Developer\capstone_grocery_market\.venv\lib\site-packages\flask\sessions.py", line 84, in __getitem__
    return super(SecureCookieSession, self).__getitem__(key)
KeyError: 'access_key'
2020-12-28 02:32:28,300 INFO:             errors [in c:\Users\alank\Documents\Udacity\Nanodegrees\Full_Stack_Web_Developer\capstone_grocery_market\app.py:418]
2020-12-28 02:32:33,428 INFO:             errors [in c:\Users\alank\Documents\Udacity\Nanodegrees\Full_Stack_Web_Developer\capstone_grocery_market\app.py:418]
2020-12-28 02:36:58,608 INFO:             errors [in c:\Users\alank\Documents\Udacity\Nanodegrees\Full_Stack_Web_Developer\capstone_grocery_market\app.py:418]
2020-12-28 02:37:06,945 INFO:             errors [in c:\Users\alank\Documents\Udacity\Nanodegrees\Full_Stack_Web_Developer\capstone_grocery_market\app.py:418]
2020-12-28 02:37:16,862 INFO:             errors [in c:\Users\alank\Documents\Udacity\Nanodegrees\Full_Stack_Web_Developer\capstone_grocery_market\app.py:418]
2020-12-28 02:37:20,876 ERROR:             Exception on /aisles [GET] [in c:\Users\alank\Documents\Udacity\Nanodegrees\Full_Stack_Web_Developer\capstone_grocery_market\.venv\lib\site-packages\flask\app.py:1892]
Traceback (most recent call last):
  File "c:\Users\alank\Documents\Udacity\Nanodegrees\Full_Stack_Web_Developer\capstone_grocery_market\.venv\lib\site-packages\flask\app.py", line 2447, in wsgi_app
    response = self.full_dispatch_request()
  File "c:\Users\alank\Documents\Udacity\Nanodegrees\Full_Stack_Web_Developer\capstone_grocery_market\.venv\lib\site-packages\flask\app.py", line 1952, in full_dispatch_request
    rv = self.handle_user_exception(e)
  File "c:\Users\alank\Documents\Udacity\Nanodegrees\Full_Stack_Web_Developer\capstone_grocery_market\.venv\lib\site-packages\flask_cors\extension.py", line 165, in wrapped_function
    return cors_after_request(app.make_response(f(*args, **kwargs)))
  File "c:\Users\alank\Documents\Udacity\Nanodegrees\Full_Stack_Web_Developer\capstone_grocery_market\.venv\lib\site-packages\flask\app.py", line 1821, in handle_user_exception
    reraise(exc_type, exc_value, tb)
  File "c:\Users\alank\Documents\Udacity\Nanodegrees\Full_Stack_Web_Developer\capstone_grocery_market\.venv\lib\site-packages\flask\_compat.py", line 39, in reraise
    raise value
  File "c:\Users\alank\Documents\Udacity\Nanodegrees\Full_Stack_Web_Developer\capstone_grocery_market\.venv\lib\site-packages\flask\app.py", line 1950, in full_dispatch_request
    rv = self.dispatch_request()
  File "c:\Users\alank\Documents\Udacity\Nanodegrees\Full_Stack_Web_Developer\capstone_grocery_market\.venv\lib\site-packages\flask\app.py", line 1936, in dispatch_request
    return self.view_functions[rule.endpoint](**req.view_args)
  File "c:\Users\alank\Documents\Udacity\Nanodegrees\Full_Stack_Web_Developer\capstone_grocery_market\.venv\lib\site-packages\flask_cors\decorator.py", line 128, in wrapped_function
    resp = make_response(f(*args, **kwargs))
  File "c:\Users\alank\Documents\Udacity\Nanodegrees\Full_Stack_Web_Developer\capstone_grocery_market\app.py", line 324, in wrapper
    token = _get_token_auth_header()
  File "c:\Users\alank\Documents\Udacity\Nanodegrees\Full_Stack_Web_Developer\capstone_grocery_market\app.py", line 176, in _get_token_auth_header
    access_key = session[conf_access_key]
  File "c:\Users\alank\Documents\Udacity\Nanodegrees\Full_Stack_Web_Developer\capstone_grocery_market\.venv\lib\site-packages\werkzeug\local.py", line 377, in <lambda>
    __getitem__ = lambda x, i: x._get_current_object()[i]
  File "c:\Users\alank\Documents\Udacity\Nanodegrees\Full_Stack_Web_Developer\capstone_grocery_market\.venv\lib\site-packages\flask\sessions.py", line 84, in __getitem__
    return super(SecureCookieSession, self).__getitem__(key)
KeyError: 'access_key'
2020-12-28 02:37:53,953 INFO:             errors [in c:\Users\alank\Documents\Udacity\Nanodegrees\Full_Stack_Web_Developer\capstone_grocery_market\app.py:418]
2020-12-28 02:38:07,613 ERROR:             Exception on /aisles [GET] [in c:\Users\alank\Documents\Udacity\Nanodegrees\Full_Stack_Web_Developer\capstone_grocery_market\.venv\lib\site-packages\flask\app.py:1892]
Traceback (most recent call last):
  File "c:\Users\alank\Documents\Udacity\Nanodegrees\Full_Stack_Web_Developer\capstone_grocery_market\.venv\lib\site-packages\flask\app.py", line 2447, in wsgi_app
    response = self.full_dispatch_request()
  File "c:\Users\alank\Documents\Udacity\Nanodegrees\Full_Stack_Web_Developer\capstone_grocery_market\.venv\lib\site-packages\flask\app.py", line 1952, in full_dispatch_request
    rv = self.handle_user_exception(e)
  File "c:\Users\alank\Documents\Udacity\Nanodegrees\Full_Stack_Web_Developer\capstone_grocery_market\.venv\lib\site-packages\flask_cors\extension.py", line 165, in wrapped_function
    return cors_after_request(app.make_response(f(*args, **kwargs)))
  File "c:\Users\alank\Documents\Udacity\Nanodegrees\Full_Stack_Web_Developer\capstone_grocery_market\.venv\lib\site-packages\flask\app.py", line 1821, in handle_user_exception
    reraise(exc_type, exc_value, tb)
  File "c:\Users\alank\Documents\Udacity\Nanodegrees\Full_Stack_Web_Developer\capstone_grocery_market\.venv\lib\site-packages\flask\_compat.py", line 39, in reraise
    raise value
  File "c:\Users\alank\Documents\Udacity\Nanodegrees\Full_Stack_Web_Developer\capstone_grocery_market\.venv\lib\site-packages\flask\app.py", line 1950, in full_dispatch_request
    rv = self.dispatch_request()
  File "c:\Users\alank\Documents\Udacity\Nanodegrees\Full_Stack_Web_Developer\capstone_grocery_market\.venv\lib\site-packages\flask\app.py", line 1936, in dispatch_request
    return self.view_functions[rule.endpoint](**req.view_args)
  File "c:\Users\alank\Documents\Udacity\Nanodegrees\Full_Stack_Web_Developer\capstone_grocery_market\.venv\lib\site-packages\flask_cors\decorator.py", line 128, in wrapped_function
    resp = make_response(f(*args, **kwargs))
  File "c:\Users\alank\Documents\Udacity\Nanodegrees\Full_Stack_Web_Developer\capstone_grocery_market\app.py", line 324, in wrapper
    token = _get_token_auth_header()
  File "c:\Users\alank\Documents\Udacity\Nanodegrees\Full_Stack_Web_Developer\capstone_grocery_market\app.py", line 176, in _get_token_auth_header
    access_key = session[conf_access_key]
  File "c:\Users\alank\Documents\Udacity\Nanodegrees\Full_Stack_Web_Developer\capstone_grocery_market\.venv\lib\site-packages\werkzeug\local.py", line 377, in <lambda>
    __getitem__ = lambda x, i: x._get_current_object()[i]
  File "c:\Users\alank\Documents\Udacity\Nanodegrees\Full_Stack_Web_Developer\capstone_grocery_market\.venv\lib\site-packages\flask\sessions.py", line 84, in __getitem__
    return super(SecureCookieSession, self).__getitem__(key)
KeyError: 'access_key'
2020-12-28 02:39:04,181 INFO:             errors [in c:\Users\alank\Documents\Udacity\Nanodegrees\Full_Stack_Web_Developer\capstone_grocery_market\app.py:418]
2020-12-28 02:39:36,188 INFO:             errors [in c:\Users\alank\Documents\Udacity\Nanodegrees\Full_Stack_Web_Developer\capstone_grocery_market\app.py:418]
2020-12-28 02:39:44,288 INFO:             errors [in c:\Users\alank\Documents\Udacity\Nanodegrees\Full_Stack_Web_Developer\capstone_grocery_market\app.py:418]
2020-12-28 02:40:01,606 INFO:             errors [in c:\Users\alank\Documents\Udacity\Nanodegrees\Full_Stack_Web_Developer\capstone_grocery_market\app.py:418]
2020-12-28 02:40:05,073 INFO:             errors [in c:\Users\alank\Documents\Udacity\Nanodegrees\Full_Stack_Web_Developer\capstone_grocery_market\app.py:418]
2020-12-28 02:40:08,063 ERROR:             Exception on /aisles [GET] [in c:\Users\alank\Documents\Udacity\Nanodegrees\Full_Stack_Web_Developer\capstone_grocery_market\.venv\lib\site-packages\flask\app.py:1892]
Traceback (most recent call last):
  File "c:\Users\alank\Documents\Udacity\Nanodegrees\Full_Stack_Web_Developer\capstone_grocery_market\.venv\lib\site-packages\flask\app.py", line 2447, in wsgi_app
    response = self.full_dispatch_request()
  File "c:\Users\alank\Documents\Udacity\Nanodegrees\Full_Stack_Web_Developer\capstone_grocery_market\.venv\lib\site-packages\flask\app.py", line 1952, in full_dispatch_request
    rv = self.handle_user_exception(e)
  File "c:\Users\alank\Documents\Udacity\Nanodegrees\Full_Stack_Web_Developer\capstone_grocery_market\.venv\lib\site-packages\flask_cors\extension.py", line 165, in wrapped_function
    return cors_after_request(app.make_response(f(*args, **kwargs)))
  File "c:\Users\alank\Documents\Udacity\Nanodegrees\Full_Stack_Web_Developer\capstone_grocery_market\.venv\lib\site-packages\flask\app.py", line 1821, in handle_user_exception
    reraise(exc_type, exc_value, tb)
  File "c:\Users\alank\Documents\Udacity\Nanodegrees\Full_Stack_Web_Developer\capstone_grocery_market\.venv\lib\site-packages\flask\_compat.py", line 39, in reraise
    raise value
  File "c:\Users\alank\Documents\Udacity\Nanodegrees\Full_Stack_Web_Developer\capstone_grocery_market\.venv\lib\site-packages\flask\app.py", line 1950, in full_dispatch_request
    rv = self.dispatch_request()
  File "c:\Users\alank\Documents\Udacity\Nanodegrees\Full_Stack_Web_Developer\capstone_grocery_market\.venv\lib\site-packages\flask\app.py", line 1936, in dispatch_request
    return self.view_functions[rule.endpoint](**req.view_args)
  File "c:\Users\alank\Documents\Udacity\Nanodegrees\Full_Stack_Web_Developer\capstone_grocery_market\.venv\lib\site-packages\flask_cors\decorator.py", line 128, in wrapped_function
    resp = make_response(f(*args, **kwargs))
  File "c:\Users\alank\Documents\Udacity\Nanodegrees\Full_Stack_Web_Developer\capstone_grocery_market\app.py", line 324, in wrapper
    token = _get_token_auth_header()
  File "c:\Users\alank\Documents\Udacity\Nanodegrees\Full_Stack_Web_Developer\capstone_grocery_market\app.py", line 176, in _get_token_auth_header
    access_key = session[conf_access_key]
  File "c:\Users\alank\Documents\Udacity\Nanodegrees\Full_Stack_Web_Developer\capstone_grocery_market\.venv\lib\site-packages\werkzeug\local.py", line 377, in <lambda>
    __getitem__ = lambda x, i: x._get_current_object()[i]
  File "c:\Users\alank\Documents\Udacity\Nanodegrees\Full_Stack_Web_Developer\capstone_grocery_market\.venv\lib\site-packages\flask\sessions.py", line 84, in __getitem__
    return super(SecureCookieSession, self).__getitem__(key)
KeyError: 'access_key'
2020-12-28 12:19:23,198 INFO:             errors [in app.py:418]
2020-12-28 12:32:33,175 INFO:             errors [in c:\Users\alank\Documents\Udacity\Nanodegrees\Full_Stack_Web_Developer\capstone_grocery_market\app.py:424]
2020-12-28 12:34:22,271 INFO:             errors [in c:\Users\alank\Documents\Udacity\Nanodegrees\Full_Stack_Web_Developer\capstone_grocery_market\app.py:424]
2020-12-28 12:34:57,759 INFO:             errors [in c:\Users\alank\Documents\Udacity\Nanodegrees\Full_Stack_Web_Developer\capstone_grocery_market\app.py:424]
2020-12-28 12:35:01,372 INFO:             errors [in c:\Users\alank\Documents\Udacity\Nanodegrees\Full_Stack_Web_Developer\capstone_grocery_market\app.py:424]
2020-12-28 12:38:13,174 INFO:             errors [in c:\Users\alank\Documents\Udacity\Nanodegrees\Full_Stack_Web_Developer\capstone_grocery_market\app.py:424]
2020-12-28 12:38:13,775 ERROR:             Exception on /aisles [GET] [in c:\Users\alank\Documents\Udacity\Nanodegrees\Full_Stack_Web_Developer\capstone_grocery_market\.venv\lib\site-packages\flask\app.py:1892]
Traceback (most recent call last):
  File "c:\Users\alank\Documents\Udacity\Nanodegrees\Full_Stack_Web_Developer\capstone_grocery_market\.venv\lib\site-packages\flask\app.py", line 2447, in wsgi_app
    response = self.full_dispatch_request()
  File "c:\Users\alank\Documents\Udacity\Nanodegrees\Full_Stack_Web_Developer\capstone_grocery_market\.venv\lib\site-packages\flask\app.py", line 1952, in full_dispatch_request
    rv = self.handle_user_exception(e)
  File "c:\Users\alank\Documents\Udacity\Nanodegrees\Full_Stack_Web_Developer\capstone_grocery_market\.venv\lib\site-packages\flask_cors\extension.py", line 165, in wrapped_function
    return cors_after_request(app.make_response(f(*args, **kwargs)))
  File "c:\Users\alank\Documents\Udacity\Nanodegrees\Full_Stack_Web_Developer\capstone_grocery_market\.venv\lib\site-packages\flask\app.py", line 1821, in handle_user_exception
    reraise(exc_type, exc_value, tb)
  File "c:\Users\alank\Documents\Udacity\Nanodegrees\Full_Stack_Web_Developer\capstone_grocery_market\.venv\lib\site-packages\flask\_compat.py", line 39, in reraise
    raise value
  File "c:\Users\alank\Documents\Udacity\Nanodegrees\Full_Stack_Web_Developer\capstone_grocery_market\.venv\lib\site-packages\flask\app.py", line 1950, in full_dispatch_request
    rv = self.dispatch_request()
  File "c:\Users\alank\Documents\Udacity\Nanodegrees\Full_Stack_Web_Developer\capstone_grocery_market\.venv\lib\site-packages\flask\app.py", line 1936, in dispatch_request
    return self.view_functions[rule.endpoint](**req.view_args)
  File "c:\Users\alank\Documents\Udacity\Nanodegrees\Full_Stack_Web_Developer\capstone_grocery_market\.venv\lib\site-packages\flask_cors\decorator.py", line 128, in wrapped_function
    resp = make_response(f(*args, **kwargs))
  File "c:\Users\alank\Documents\Udacity\Nanodegrees\Full_Stack_Web_Developer\capstone_grocery_market\app.py", line 341, in wrapper
    return f(payload, *args, **kwargs)
  File "c:\Users\alank\Documents\Udacity\Nanodegrees\Full_Stack_Web_Developer\capstone_grocery_market\app.py", line 473, in aisles
    'POSTMAN_TOKEN' not in request.headers else 'Guest')
  File "c:\Users\alank\Documents\Udacity\Nanodegrees\Full_Stack_Web_Developer\capstone_grocery_market\.venv\lib\site-packages\werkzeug\local.py", line 377, in <lambda>
    __getitem__ = lambda x, i: x._get_current_object()[i]
  File "c:\Users\alank\Documents\Udacity\Nanodegrees\Full_Stack_Web_Developer\capstone_grocery_market\.venv\lib\site-packages\flask\sessions.py", line 84, in __getitem__
    return super(SecureCookieSession, self).__getitem__(key)
KeyError: 'profile'
2020-12-28 12:40:53,559 INFO:             errors [in c:\Users\alank\Documents\Udacity\Nanodegrees\Full_Stack_Web_Developer\capstone_grocery_market\app.py:424]
2020-12-28 12:40:54,157 ERROR:             Exception on /aisles [GET] [in c:\Users\alank\Documents\Udacity\Nanodegrees\Full_Stack_Web_Developer\capstone_grocery_market\.venv\lib\site-packages\flask\app.py:1892]
Traceback (most recent call last):
  File "c:\Users\alank\Documents\Udacity\Nanodegrees\Full_Stack_Web_Developer\capstone_grocery_market\.venv\lib\site-packages\flask\app.py", line 2447, in wsgi_app
    response = self.full_dispatch_request()
  File "c:\Users\alank\Documents\Udacity\Nanodegrees\Full_Stack_Web_Developer\capstone_grocery_market\.venv\lib\site-packages\flask\app.py", line 1952, in full_dispatch_request
    rv = self.handle_user_exception(e)
  File "c:\Users\alank\Documents\Udacity\Nanodegrees\Full_Stack_Web_Developer\capstone_grocery_market\.venv\lib\site-packages\flask_cors\extension.py", line 165, in wrapped_function
    return cors_after_request(app.make_response(f(*args, **kwargs)))
  File "c:\Users\alank\Documents\Udacity\Nanodegrees\Full_Stack_Web_Developer\capstone_grocery_market\.venv\lib\site-packages\flask\app.py", line 1821, in handle_user_exception
    reraise(exc_type, exc_value, tb)
  File "c:\Users\alank\Documents\Udacity\Nanodegrees\Full_Stack_Web_Developer\capstone_grocery_market\.venv\lib\site-packages\flask\_compat.py", line 39, in reraise
    raise value
  File "c:\Users\alank\Documents\Udacity\Nanodegrees\Full_Stack_Web_Developer\capstone_grocery_market\.venv\lib\site-packages\flask\app.py", line 1950, in full_dispatch_request
    rv = self.dispatch_request()
  File "c:\Users\alank\Documents\Udacity\Nanodegrees\Full_Stack_Web_Developer\capstone_grocery_market\.venv\lib\site-packages\flask\app.py", line 1936, in dispatch_request
    return self.view_functions[rule.endpoint](**req.view_args)
  File "c:\Users\alank\Documents\Udacity\Nanodegrees\Full_Stack_Web_Developer\capstone_grocery_market\.venv\lib\site-packages\flask_cors\decorator.py", line 128, in wrapped_function
    resp = make_response(f(*args, **kwargs))
  File "c:\Users\alank\Documents\Udacity\Nanodegrees\Full_Stack_Web_Developer\capstone_grocery_market\app.py", line 341, in wrapper
    return f(payload, *args, **kwargs)
  File "c:\Users\alank\Documents\Udacity\Nanodegrees\Full_Stack_Web_Developer\capstone_grocery_market\app.py", line 473, in aisles
    'POSTMAN_TOKEN' not in request.headers else 'Guest')
  File "c:\Users\alank\Documents\Udacity\Nanodegrees\Full_Stack_Web_Developer\capstone_grocery_market\.venv\lib\site-packages\werkzeug\local.py", line 377, in <lambda>
    __getitem__ = lambda x, i: x._get_current_object()[i]
  File "c:\Users\alank\Documents\Udacity\Nanodegrees\Full_Stack_Web_Developer\capstone_grocery_market\.venv\lib\site-packages\flask\sessions.py", line 84, in __getitem__
    return super(SecureCookieSession, self).__getitem__(key)
KeyError: 'profile'
2020-12-28 12:43:24,041 INFO:             errors [in c:\Users\alank\Documents\Udacity\Nanodegrees\Full_Stack_Web_Developer\capstone_grocery_market\app.py:424]
2020-12-28 12:48:46,733 INFO:             errors [in c:\Users\alank\Documents\Udacity\Nanodegrees\Full_Stack_Web_Developer\capstone_grocery_market\app.py:424]
2020-12-28 14:46:08,354 INFO:             errors [in c:\Users\alank\Documents\Udacity\Nanodegrees\Full_Stack_Web_Developer\capstone_grocery_market\app.py:424]
2020-12-28 15:03:24,497 INFO:             errors [in c:\Users\alank\Documents\Udacity\Nanodegrees\Full_Stack_Web_Developer\capstone_grocery_market\app.py:424]
2020-12-28 15:05:08,022 INFO:             errors [in c:\Users\alank\Documents\Udacity\Nanodegrees\Full_Stack_Web_Developer\capstone_grocery_market\app.py:424]
2020-12-28 15:07:09,330 INFO:             errors [in c:\Users\alank\Documents\Udacity\Nanodegrees\Full_Stack_Web_Developer\capstone_grocery_market\app.py:424]
2020-12-28 15:07:13,749 INFO:             errors [in c:\Users\alank\Documents\Udacity\Nanodegrees\Full_Stack_Web_Developer\capstone_grocery_market\app.py:424]
2020-12-28 15:07:28,288 INFO:             errors [in c:\Users\alank\Documents\Udacity\Nanodegrees\Full_Stack_Web_Developer\capstone_grocery_market\app.py:424]
2020-12-28 15:20:29,428 INFO:             errors [in c:\Users\alank\Documents\Udacity\Nanodegrees\Full_Stack_Web_Developer\capstone_grocery_market\app.py:424]
2020-12-28 15:20:36,194 INFO:             errors [in c:\Users\alank\Documents\Udacity\Nanodegrees\Full_Stack_Web_Developer\capstone_grocery_market\app.py:424]
2020-12-28 15:22:12,307 INFO:             errors [in c:\Users\alank\Documents\Udacity\Nanodegrees\Full_Stack_Web_Developer\capstone_grocery_market\app.py:424]
2020-12-28 15:24:06,295 INFO:             errors [in c:\Users\alank\Documents\Udacity\Nanodegrees\Full_Stack_Web_Developer\capstone_grocery_market\app.py:424]
2020-12-28 15:25:01,747 INFO:             errors [in c:\Users\alank\Documents\Udacity\Nanodegrees\Full_Stack_Web_Developer\capstone_grocery_market\app.py:424]
2020-12-28 15:25:08,427 INFO:             errors [in c:\Users\alank\Documents\Udacity\Nanodegrees\Full_Stack_Web_Developer\capstone_grocery_market\app.py:424]
2020-12-28 15:25:29,064 INFO:             errors [in c:\Users\alank\Documents\Udacity\Nanodegrees\Full_Stack_Web_Developer\capstone_grocery_market\app.py:424]
2020-12-28 15:25:53,701 INFO:             errors [in c:\Users\alank\Documents\Udacity\Nanodegrees\Full_Stack_Web_Developer\capstone_grocery_market\app.py:424]
2020-12-28 15:27:04,938 INFO:             errors [in c:\Users\alank\Documents\Udacity\Nanodegrees\Full_Stack_Web_Developer\capstone_grocery_market\app.py:424]
2020-12-28 15:27:12,892 INFO:             errors [in c:\Users\alank\Documents\Udacity\Nanodegrees\Full_Stack_Web_Developer\capstone_grocery_market\app.py:424]
2020-12-28 15:27:15,585 INFO:             errors [in c:\Users\alank\Documents\Udacity\Nanodegrees\Full_Stack_Web_Developer\capstone_grocery_market\app.py:424]
2020-12-28 15:28:58,281 INFO:             errors [in c:\Users\alank\Documents\Udacity\Nanodegrees\Full_Stack_Web_Developer\capstone_grocery_market\app.py:424]
2020-12-28 15:29:12,710 INFO:             errors [in c:\Users\alank\Documents\Udacity\Nanodegrees\Full_Stack_Web_Developer\capstone_grocery_market\app.py:424]
2020-12-28 15:32:00,249 INFO:             errors [in c:\Users\alank\Documents\Udacity\Nanodegrees\Full_Stack_Web_Developer\capstone_grocery_market\app.py:424]
2020-12-28 15:32:03,204 INFO:             errors [in c:\Users\alank\Documents\Udacity\Nanodegrees\Full_Stack_Web_Developer\capstone_grocery_market\app.py:424]
2020-12-28 15:32:46,681 INFO:             errors [in c:\Users\alank\Documents\Udacity\Nanodegrees\Full_Stack_Web_Developer\capstone_grocery_market\app.py:424]
2020-12-28 15:33:34,584 INFO:             errors [in c:\Users\alank\Documents\Udacity\Nanodegrees\Full_Stack_Web_Developer\capstone_grocery_market\app.py:424]
2020-12-28 15:35:06,737 INFO:             errors [in c:\Users\alank\Documents\Udacity\Nanodegrees\Full_Stack_Web_Developer\capstone_grocery_market\app.py:424]
2020-12-28 15:35:22,008 INFO:             errors [in c:\Users\alank\Documents\Udacity\Nanodegrees\Full_Stack_Web_Developer\capstone_grocery_market\app.py:424]
2020-12-28 16:16:31,250 INFO:             errors [in c:\Users\alank\Documents\Udacity\Nanodegrees\Full_Stack_Web_Developer\capstone_grocery_market\app.py:424]
2020-12-28 16:17:01,305 INFO:             errors [in c:\Users\alank\Documents\Udacity\Nanodegrees\Full_Stack_Web_Developer\capstone_grocery_market\app.py:424]
2020-12-28 17:32:01,105 INFO:             errors [in c:\Users\alank\Documents\Udacity\Nanodegrees\Full_Stack_Web_Developer\capstone_grocery_market\app.py:428]
2020-12-28 17:32:55,671 INFO:             errors [in c:\Users\alank\Documents\Udacity\Nanodegrees\Full_Stack_Web_Developer\capstone_grocery_market\app.py:428]
2020-12-28 17:33:02,811 INFO:             errors [in c:\Users\alank\Documents\Udacity\Nanodegrees\Full_Stack_Web_Developer\capstone_grocery_market\app.py:428]
2020-12-28 17:37:52,026 INFO:             errors [in c:\Users\alank\Documents\Udacity\Nanodegrees\Full_Stack_Web_Developer\capstone_grocery_market\app.py:432]
2020-12-28 17:37:57,356 INFO:             errors [in c:\Users\alank\Documents\Udacity\Nanodegrees\Full_Stack_Web_Developer\capstone_grocery_market\app.py:432]
2020-12-28 17:38:07,843 INFO:             errors [in c:\Users\alank\Documents\Udacity\Nanodegrees\Full_Stack_Web_Developer\capstone_grocery_market\app.py:432]
2020-12-28 17:38:12,192 INFO:             errors [in c:\Users\alank\Documents\Udacity\Nanodegrees\Full_Stack_Web_Developer\capstone_grocery_market\app.py:432]
2020-12-28 17:38:27,398 INFO:             errors [in c:\Users\alank\Documents\Udacity\Nanodegrees\Full_Stack_Web_Developer\capstone_grocery_market\app.py:432]
2020-12-28 17:38:30,610 INFO:             errors [in c:\Users\alank\Documents\Udacity\Nanodegrees\Full_Stack_Web_Developer\capstone_grocery_market\app.py:432]
2020-12-28 17:38:59,910 INFO:             errors [in c:\Users\alank\Documents\Udacity\Nanodegrees\Full_Stack_Web_Developer\capstone_grocery_market\app.py:432]
2020-12-28 17:41:18,228 INFO:             errors [in c:\Users\alank\Documents\Udacity\Nanodegrees\Full_Stack_Web_Developer\capstone_grocery_market\app.py:432]
2020-12-28 17:41:24,261 INFO:             errors [in c:\Users\alank\Documents\Udacity\Nanodegrees\Full_Stack_Web_Developer\capstone_grocery_market\app.py:432]
2020-12-28 17:41:31,687 INFO:             errors [in c:\Users\alank\Documents\Udacity\Nanodegrees\Full_Stack_Web_Developer\capstone_grocery_market\app.py:432]
2020-12-28 17:41:50,224 INFO:             errors [in c:\Users\alank\Documents\Udacity\Nanodegrees\Full_Stack_Web_Developer\capstone_grocery_market\app.py:432]
2020-12-28 17:45:00,395 INFO:             errors [in c:\Users\alank\Documents\Udacity\Nanodegrees\Full_Stack_Web_Developer\capstone_grocery_market\app.py:432]
2020-12-28 17:45:06,784 INFO:             errors [in c:\Users\alank\Documents\Udacity\Nanodegrees\Full_Stack_Web_Developer\capstone_grocery_market\app.py:432]
2020-12-28 17:46:23,943 INFO:             errors [in c:\Users\alank\Documents\Udacity\Nanodegrees\Full_Stack_Web_Developer\capstone_grocery_market\app.py:432]
2020-12-28 17:46:33,873 INFO:             errors [in c:\Users\alank\Documents\Udacity\Nanodegrees\Full_Stack_Web_Developer\capstone_grocery_market\app.py:432]
2020-12-28 17:46:42,281 INFO:             errors [in c:\Users\alank\Documents\Udacity\Nanodegrees\Full_Stack_Web_Developer\capstone_grocery_market\app.py:432]
2020-12-28 17:46:45,832 INFO:             errors [in c:\Users\alank\Documents\Udacity\Nanodegrees\Full_Stack_Web_Developer\capstone_grocery_market\app.py:432]
2020-12-28 17:46:59,208 INFO:             errors [in c:\Users\alank\Documents\Udacity\Nanodegrees\Full_Stack_Web_Developer\capstone_grocery_market\app.py:432]
2020-12-28 17:47:11,642 INFO:             errors [in c:\Users\alank\Documents\Udacity\Nanodegrees\Full_Stack_Web_Developer\capstone_grocery_market\app.py:432]
2020-12-28 17:47:27,138 INFO:             errors [in c:\Users\alank\Documents\Udacity\Nanodegrees\Full_Stack_Web_Developer\capstone_grocery_market\app.py:432]
2020-12-28 18:00:58,204 INFO:             errors [in c:\Users\alank\Documents\Udacity\Nanodegrees\Full_Stack_Web_Developer\capstone_grocery_market\app.py:432]
2020-12-28 18:01:13,815 INFO:             errors [in c:\Users\alank\Documents\Udacity\Nanodegrees\Full_Stack_Web_Developer\capstone_grocery_market\app.py:432]
2020-12-28 18:01:28,258 INFO:             errors [in c:\Users\alank\Documents\Udacity\Nanodegrees\Full_Stack_Web_Developer\capstone_grocery_market\app.py:432]
2020-12-28 18:03:12,419 INFO:             errors [in c:\Users\alank\Documents\Udacity\Nanodegrees\Full_Stack_Web_Developer\capstone_grocery_market\app.py:432]
2020-12-28 22:32:20,575 INFO:             errors [in c:\Users\alank\Documents\Udacity\Nanodegrees\Full_Stack_Web_Developer\capstone_grocery_market\app.py:432]
2020-12-28 22:32:36,585 INFO:             errors [in c:\Users\alank\Documents\Udacity\Nanodegrees\Full_Stack_Web_Developer\capstone_grocery_market\app.py:432]
2020-12-28 22:34:13,970 INFO:             errors [in c:\Users\alank\Documents\Udacity\Nanodegrees\Full_Stack_Web_Developer\capstone_grocery_market\app.py:432]
2020-12-28 22:34:22,289 INFO:             errors [in c:\Users\alank\Documents\Udacity\Nanodegrees\Full_Stack_Web_Developer\capstone_grocery_market\app.py:432]
2020-12-28 22:34:27,571 INFO:             errors [in c:\Users\alank\Documents\Udacity\Nanodegrees\Full_Stack_Web_Developer\capstone_grocery_market\app.py:432]
2020-12-28 22:35:12,434 INFO:             errors [in c:\Users\alank\Documents\Udacity\Nanodegrees\Full_Stack_Web_Developer\capstone_grocery_market\app.py:432]
2020-12-28 22:35:55,392 INFO:             errors [in c:\Users\alank\Documents\Udacity\Nanodegrees\Full_Stack_Web_Developer\capstone_grocery_market\app.py:432]
2020-12-28 22:37:49,905 INFO:             errors [in c:\Users\alank\Documents\Udacity\Nanodegrees\Full_Stack_Web_Developer\capstone_grocery_market\app.py:432]
2020-12-28 22:38:13,799 INFO:             errors [in c:\Users\alank\Documents\Udacity\Nanodegrees\Full_Stack_Web_Developer\capstone_grocery_market\app.py:432]
2020-12-28 22:38:17,475 INFO:             errors [in c:\Users\alank\Documents\Udacity\Nanodegrees\Full_Stack_Web_Developer\capstone_grocery_market\app.py:432]
2020-12-28 22:38:23,734 INFO:             errors [in c:\Users\alank\Documents\Udacity\Nanodegrees\Full_Stack_Web_Developer\capstone_grocery_market\app.py:432]
2020-12-28 22:39:08,161 INFO:             errors [in c:\Users\alank\Documents\Udacity\Nanodegrees\Full_Stack_Web_Developer\capstone_grocery_market\app.py:432]
2020-12-28 22:39:16,280 INFO:             errors [in c:\Users\alank\Documents\Udacity\Nanodegrees\Full_Stack_Web_Developer\capstone_grocery_market\app.py:432]
2020-12-28 22:39:22,496 INFO:             errors [in c:\Users\alank\Documents\Udacity\Nanodegrees\Full_Stack_Web_Developer\capstone_grocery_market\app.py:432]
2020-12-28 22:39:39,564 INFO:             errors [in c:\Users\alank\Documents\Udacity\Nanodegrees\Full_Stack_Web_Developer\capstone_grocery_market\app.py:432]
2020-12-28 22:40:03,517 INFO:             errors [in c:\Users\alank\Documents\Udacity\Nanodegrees\Full_Stack_Web_Developer\capstone_grocery_market\app.py:432]
2020-12-28 22:40:23,372 INFO:             errors [in c:\Users\alank\Documents\Udacity\Nanodegrees\Full_Stack_Web_Developer\capstone_grocery_market\app.py:432]
2020-12-28 22:40:31,305 INFO:             errors [in c:\Users\alank\Documents\Udacity\Nanodegrees\Full_Stack_Web_Developer\capstone_grocery_market\app.py:432]
2020-12-28 22:41:13,086 INFO:             errors [in c:\Users\alank\Documents\Udacity\Nanodegrees\Full_Stack_Web_Developer\capstone_grocery_market\app.py:432]
2020-12-28 22:41:16,239 INFO:             errors [in c:\Users\alank\Documents\Udacity\Nanodegrees\Full_Stack_Web_Developer\capstone_grocery_market\app.py:432]
2020-12-28 22:41:38,156 INFO:             errors [in c:\Users\alank\Documents\Udacity\Nanodegrees\Full_Stack_Web_Developer\capstone_grocery_market\app.py:432]
2020-12-28 22:41:40,469 INFO:             errors [in c:\Users\alank\Documents\Udacity\Nanodegrees\Full_Stack_Web_Developer\capstone_grocery_market\app.py:432]
2020-12-28 22:42:46,242 INFO:             errors [in c:\Users\alank\Documents\Udacity\Nanodegrees\Full_Stack_Web_Developer\capstone_grocery_market\app.py:432]
2020-12-28 22:43:01,685 INFO:             errors [in c:\Users\alank\Documents\Udacity\Nanodegrees\Full_Stack_Web_Developer\capstone_grocery_market\app.py:432]
2020-12-28 22:43:39,956 INFO:             errors [in c:\Users\alank\Documents\Udacity\Nanodegrees\Full_Stack_Web_Developer\capstone_grocery_market\app.py:432]
2020-12-28 22:43:43,021 INFO:             errors [in c:\Users\alank\Documents\Udacity\Nanodegrees\Full_Stack_Web_Developer\capstone_grocery_market\app.py:432]
2020-12-28 22:43:49,625 INFO:             errors [in c:\Users\alank\Documents\Udacity\Nanodegrees\Full_Stack_Web_Developer\capstone_grocery_market\app.py:432]
2020-12-28 22:43:54,803 INFO:             errors [in c:\Users\alank\Documents\Udacity\Nanodegrees\Full_Stack_Web_Developer\capstone_grocery_market\app.py:432]
2020-12-28 22:44:01,035 INFO:             errors [in c:\Users\alank\Documents\Udacity\Nanodegrees\Full_Stack_Web_Developer\capstone_grocery_market\app.py:432]
2020-12-28 22:44:29,846 INFO:             errors [in c:\Users\alank\Documents\Udacity\Nanodegrees\Full_Stack_Web_Developer\capstone_grocery_market\app.py:432]
2020-12-28 22:45:05,612 INFO:             errors [in c:\Users\alank\Documents\Udacity\Nanodegrees\Full_Stack_Web_Developer\capstone_grocery_market\app.py:432]
2020-12-28 22:45:25,913 INFO:             errors [in c:\Users\alank\Documents\Udacity\Nanodegrees\Full_Stack_Web_Developer\capstone_grocery_market\app.py:432]
2020-12-28 22:45:29,073 INFO:             errors [in c:\Users\alank\Documents\Udacity\Nanodegrees\Full_Stack_Web_Developer\capstone_grocery_market\app.py:432]
2020-12-28 22:45:35,741 INFO:             errors [in c:\Users\alank\Documents\Udacity\Nanodegrees\Full_Stack_Web_Developer\capstone_grocery_market\app.py:432]
2020-12-28 22:45:53,628 INFO:             errors [in c:\Users\alank\Documents\Udacity\Nanodegrees\Full_Stack_Web_Developer\capstone_grocery_market\app.py:432]
2020-12-28 22:46:59,718 INFO:             errors [in c:\Users\alank\Documents\Udacity\Nanodegrees\Full_Stack_Web_Developer\capstone_grocery_market\app.py:432]
2020-12-28 22:47:02,275 INFO:             errors [in c:\Users\alank\Documents\Udacity\Nanodegrees\Full_Stack_Web_Developer\capstone_grocery_market\app.py:432]
2020-12-28 22:47:28,243 INFO:             errors [in c:\Users\alank\Documents\Udacity\Nanodegrees\Full_Stack_Web_Developer\capstone_grocery_market\app.py:432]
2020-12-28 22:47:49,004 INFO:             errors [in c:\Users\alank\Documents\Udacity\Nanodegrees\Full_Stack_Web_Developer\capstone_grocery_market\app.py:432]
2020-12-28 22:48:00,670 INFO:             errors [in c:\Users\alank\Documents\Udacity\Nanodegrees\Full_Stack_Web_Developer\capstone_grocery_market\app.py:432]
2020-12-28 22:48:11,966 INFO:             errors [in c:\Users\alank\Documents\Udacity\Nanodegrees\Full_Stack_Web_Developer\capstone_grocery_market\app.py:432]
2020-12-28 22:48:18,476 INFO:             errors [in c:\Users\alank\Documents\Udacity\Nanodegrees\Full_Stack_Web_Developer\capstone_grocery_market\app.py:432]
2020-12-28 22:49:44,582 INFO:             errors [in c:\Users\alank\Documents\Udacity\Nanodegrees\Full_Stack_Web_Developer\capstone_grocery_market\app.py:432]
2020-12-28 22:49:58,753 INFO:             errors [in c:\Users\alank\Documents\Udacity\Nanodegrees\Full_Stack_Web_Developer\capstone_grocery_market\app.py:432]
2020-12-28 22:50:27,772 INFO:             errors [in c:\Users\alank\Documents\Udacity\Nanodegrees\Full_Stack_Web_Developer\capstone_grocery_market\app.py:432]
2020-12-28 22:50:41,834 INFO:             errors [in c:\Users\alank\Documents\Udacity\Nanodegrees\Full_Stack_Web_Developer\capstone_grocery_market\app.py:432]
2020-12-28 22:51:31,482 INFO:             errors [in c:\Users\alank\Documents\Udacity\Nanodegrees\Full_Stack_Web_Developer\capstone_grocery_market\app.py:432]
2020-12-28 22:52:14,746 INFO:             errors [in c:\Users\alank\Documents\Udacity\Nanodegrees\Full_Stack_Web_Developer\capstone_grocery_market\app.py:432]
2020-12-28 22:52:17,565 INFO:             errors [in c:\Users\alank\Documents\Udacity\Nanodegrees\Full_Stack_Web_Developer\capstone_grocery_market\app.py:432]
2020-12-28 22:52:47,743 INFO:             errors [in c:\Users\alank\Documents\Udacity\Nanodegrees\Full_Stack_Web_Developer\capstone_grocery_market\app.py:432]
2020-12-28 22:53:45,737 INFO:             errors [in c:\Users\alank\Documents\Udacity\Nanodegrees\Full_Stack_Web_Developer\capstone_grocery_market\app.py:432]
2020-12-28 22:54:08,495 INFO:             errors [in c:\Users\alank\Documents\Udacity\Nanodegrees\Full_Stack_Web_Developer\capstone_grocery_market\app.py:432]
2020-12-28 22:54:39,855 INFO:             errors [in c:\Users\alank\Documents\Udacity\Nanodegrees\Full_Stack_Web_Developer\capstone_grocery_market\app.py:432]
2020-12-28 22:55:16,683 INFO:             errors [in c:\Users\alank\Documents\Udacity\Nanodegrees\Full_Stack_Web_Developer\capstone_grocery_market\app.py:432]
2020-12-28 22:55:38,261 INFO:             errors [in c:\Users\alank\Documents\Udacity\Nanodegrees\Full_Stack_Web_Developer\capstone_grocery_market\app.py:432]
2020-12-28 22:59:31,759 INFO:             errors [in c:\Users\alank\Documents\Udacity\Nanodegrees\Full_Stack_Web_Developer\capstone_grocery_market\app.py:432]
2020-12-28 23:01:02,414 INFO:             errors [in c:\Users\alank\Documents\Udacity\Nanodegrees\Full_Stack_Web_Developer\capstone_grocery_market\app.py:432]
2020-12-28 23:02:49,490 INFO:             errors [in c:\Users\alank\Documents\Udacity\Nanodegrees\Full_Stack_Web_Developer\capstone_grocery_market\app.py:432]
2020-12-28 23:02:59,309 INFO:             errors [in c:\Users\alank\Documents\Udacity\Nanodegrees\Full_Stack_Web_Developer\capstone_grocery_market\app.py:432]
2020-12-28 23:04:09,529 INFO:             errors [in c:\Users\alank\Documents\Udacity\Nanodegrees\Full_Stack_Web_Developer\capstone_grocery_market\app.py:432]
2020-12-28 23:06:09,712 INFO:             errors [in c:\Users\alank\Documents\Udacity\Nanodegrees\Full_Stack_Web_Developer\capstone_grocery_market\app.py:432]
2020-12-28 23:06:23,327 INFO:             errors [in c:\Users\alank\Documents\Udacity\Nanodegrees\Full_Stack_Web_Developer\capstone_grocery_market\app.py:432]
2020-12-28 23:06:29,659 INFO:             errors [in c:\Users\alank\Documents\Udacity\Nanodegrees\Full_Stack_Web_Developer\capstone_grocery_market\app.py:432]
2020-12-28 23:07:33,227 INFO:             errors [in c:\Users\alank\Documents\Udacity\Nanodegrees\Full_Stack_Web_Developer\capstone_grocery_market\app.py:432]
2020-12-28 23:07:40,639 INFO:             errors [in c:\Users\alank\Documents\Udacity\Nanodegrees\Full_Stack_Web_Developer\capstone_grocery_market\app.py:432]
2020-12-28 23:08:11,127 INFO:             errors [in c:\Users\alank\Documents\Udacity\Nanodegrees\Full_Stack_Web_Developer\capstone_grocery_market\app.py:432]
2020-12-28 23:08:40,597 INFO:             errors [in c:\Users\alank\Documents\Udacity\Nanodegrees\Full_Stack_Web_Developer\capstone_grocery_market\app.py:432]
2020-12-28 23:09:47,412 INFO:             errors [in c:\Users\alank\Documents\Udacity\Nanodegrees\Full_Stack_Web_Developer\capstone_grocery_market\app.py:432]
2020-12-28 23:09:52,289 INFO:             errors [in c:\Users\alank\Documents\Udacity\Nanodegrees\Full_Stack_Web_Developer\capstone_grocery_market\app.py:432]
2020-12-28 23:09:57,076 INFO:             errors [in c:\Users\alank\Documents\Udacity\Nanodegrees\Full_Stack_Web_Developer\capstone_grocery_market\app.py:432]
2020-12-28 23:10:06,731 INFO:             errors [in c:\Users\alank\Documents\Udacity\Nanodegrees\Full_Stack_Web_Developer\capstone_grocery_market\app.py:432]
2020-12-28 23:10:10,254 INFO:             errors [in c:\Users\alank\Documents\Udacity\Nanodegrees\Full_Stack_Web_Developer\capstone_grocery_market\app.py:432]
2020-12-28 23:10:14,524 INFO:             errors [in c:\Users\alank\Documents\Udacity\Nanodegrees\Full_Stack_Web_Developer\capstone_grocery_market\app.py:432]
2020-12-28 23:10:25,331 INFO:             errors [in c:\Users\alank\Documents\Udacity\Nanodegrees\Full_Stack_Web_Developer\capstone_grocery_market\app.py:432]
2020-12-28 23:10:57,055 INFO:             errors [in c:\Users\alank\Documents\Udacity\Nanodegrees\Full_Stack_Web_Developer\capstone_grocery_market\app.py:432]
2020-12-28 23:11:12,183 INFO:             errors [in c:\Users\alank\Documents\Udacity\Nanodegrees\Full_Stack_Web_Developer\capstone_grocery_market\app.py:432]
2020-12-28 23:11:39,084 INFO:             errors [in c:\Users\alank\Documents\Udacity\Nanodegrees\Full_Stack_Web_Developer\capstone_grocery_market\app.py:432]
2020-12-28 23:12:06,012 INFO:             errors [in c:\Users\alank\Documents\Udacity\Nanodegrees\Full_Stack_Web_Developer\capstone_grocery_market\app.py:432]
2020-12-28 23:12:58,085 INFO:             errors [in c:\Users\alank\Documents\Udacity\Nanodegrees\Full_Stack_Web_Developer\capstone_grocery_market\app.py:432]
2020-12-28 23:13:21,632 INFO:             errors [in c:\Users\alank\Documents\Udacity\Nanodegrees\Full_Stack_Web_Developer\capstone_grocery_market\app.py:432]
2020-12-28 23:13:28,197 INFO:             errors [in c:\Users\alank\Documents\Udacity\Nanodegrees\Full_Stack_Web_Developer\capstone_grocery_market\app.py:432]
2020-12-28 23:13:54,784 INFO:             errors [in c:\Users\alank\Documents\Udacity\Nanodegrees\Full_Stack_Web_Developer\capstone_grocery_market\app.py:432]
2020-12-28 23:17:07,035 INFO:             errors [in c:\Users\alank\Documents\Udacity\Nanodegrees\Full_Stack_Web_Developer\capstone_grocery_market\app.py:432]
2020-12-28 23:17:21,795 INFO:             errors [in c:\Users\alank\Documents\Udacity\Nanodegrees\Full_Stack_Web_Developer\capstone_grocery_market\app.py:432]
2020-12-28 23:17:41,218 INFO:             errors [in c:\Users\alank\Documents\Udacity\Nanodegrees\Full_Stack_Web_Developer\capstone_grocery_market\app.py:432]
2020-12-28 23:18:11,644 INFO:             errors [in c:\Users\alank\Documents\Udacity\Nanodegrees\Full_Stack_Web_Developer\capstone_grocery_market\app.py:432]
2020-12-28 23:19:22,052 INFO:             errors [in c:\Users\alank\Documents\Udacity\Nanodegrees\Full_Stack_Web_Developer\capstone_grocery_market\app.py:432]
2020-12-28 23:19:33,433 INFO:             errors [in c:\Users\alank\Documents\Udacity\Nanodegrees\Full_Stack_Web_Developer\capstone_grocery_market\app.py:432]
2020-12-28 23:20:22,092 INFO:             errors [in c:\Users\alank\Documents\Udacity\Nanodegrees\Full_Stack_Web_Developer\capstone_grocery_market\app.py:432]
2020-12-28 23:20:24,944 INFO:             errors [in c:\Users\alank\Documents\Udacity\Nanodegrees\Full_Stack_Web_Developer\capstone_grocery_market\app.py:432]
2020-12-28 23:21:20,801 INFO:             errors [in c:\Users\alank\Documents\Udacity\Nanodegrees\Full_Stack_Web_Developer\capstone_grocery_market\app.py:432]
2020-12-28 23:22:57,976 INFO:             errors [in c:\Users\alank\Documents\Udacity\Nanodegrees\Full_Stack_Web_Developer\capstone_grocery_market\app.py:432]
2020-12-28 23:23:03,429 INFO:             errors [in c:\Users\alank\Documents\Udacity\Nanodegrees\Full_Stack_Web_Developer\capstone_grocery_market\app.py:432]
2020-12-28 23:26:45,637 INFO:             errors [in c:\Users\alank\Documents\Udacity\Nanodegrees\Full_Stack_Web_Developer\capstone_grocery_market\app.py:432]
2020-12-28 23:27:10,181 INFO:             errors [in c:\Users\alank\Documents\Udacity\Nanodegrees\Full_Stack_Web_Developer\capstone_grocery_market\app.py:432]
2020-12-28 23:27:19,385 INFO:             errors [in c:\Users\alank\Documents\Udacity\Nanodegrees\Full_Stack_Web_Developer\capstone_grocery_market\app.py:432]
2020-12-28 23:27:22,921 INFO:             errors [in c:\Users\alank\Documents\Udacity\Nanodegrees\Full_Stack_Web_Developer\capstone_grocery_market\app.py:432]
2020-12-28 23:28:10,422 INFO:             errors [in c:\Users\alank\Documents\Udacity\Nanodegrees\Full_Stack_Web_Developer\capstone_grocery_market\app.py:432]
2020-12-28 23:28:38,410 INFO:             errors [in c:\Users\alank\Documents\Udacity\Nanodegrees\Full_Stack_Web_Developer\capstone_grocery_market\app.py:432]
2020-12-28 23:28:40,975 INFO:             errors [in c:\Users\alank\Documents\Udacity\Nanodegrees\Full_Stack_Web_Developer\capstone_grocery_market\app.py:432]
2020-12-28 23:28:45,918 INFO:             errors [in c:\Users\alank\Documents\Udacity\Nanodegrees\Full_Stack_Web_Developer\capstone_grocery_market\app.py:432]
2020-12-28 23:29:22,115 INFO:             errors [in c:\Users\alank\Documents\Udacity\Nanodegrees\Full_Stack_Web_Developer\capstone_grocery_market\app.py:432]
2020-12-28 23:30:21,029 INFO:             errors [in c:\Users\alank\Documents\Udacity\Nanodegrees\Full_Stack_Web_Developer\capstone_grocery_market\app.py:432]
2020-12-28 23:30:32,194 INFO:             errors [in c:\Users\alank\Documents\Udacity\Nanodegrees\Full_Stack_Web_Developer\capstone_grocery_market\app.py:432]
2020-12-28 23:30:35,894 INFO:             errors [in c:\Users\alank\Documents\Udacity\Nanodegrees\Full_Stack_Web_Developer\capstone_grocery_market\app.py:432]
2020-12-28 23:30:54,684 INFO:             errors [in c:\Users\alank\Documents\Udacity\Nanodegrees\Full_Stack_Web_Developer\capstone_grocery_market\app.py:432]
2020-12-28 23:31:48,081 INFO:             errors [in c:\Users\alank\Documents\Udacity\Nanodegrees\Full_Stack_Web_Developer\capstone_grocery_market\app.py:432]
2020-12-28 23:31:52,170 INFO:             errors [in c:\Users\alank\Documents\Udacity\Nanodegrees\Full_Stack_Web_Developer\capstone_grocery_market\app.py:432]
2020-12-28 23:32:35,103 INFO:             errors [in c:\Users\alank\Documents\Udacity\Nanodegrees\Full_Stack_Web_Developer\capstone_grocery_market\app.py:432]
2020-12-28 23:32:55,589 INFO:             errors [in c:\Users\alank\Documents\Udacity\Nanodegrees\Full_Stack_Web_Developer\capstone_grocery_market\app.py:432]
2020-12-28 23:32:58,509 INFO:             errors [in c:\Users\alank\Documents\Udacity\Nanodegrees\Full_Stack_Web_Developer\capstone_grocery_market\app.py:432]
2020-12-28 23:33:27,357 INFO:             errors [in c:\Users\alank\Documents\Udacity\Nanodegrees\Full_Stack_Web_Developer\capstone_grocery_market\app.py:432]
2020-12-28 23:34:38,606 INFO:             errors [in c:\Users\alank\Documents\Udacity\Nanodegrees\Full_Stack_Web_Developer\capstone_grocery_market\app.py:432]
2020-12-28 23:34:55,479 INFO:             errors [in c:\Users\alank\Documents\Udacity\Nanodegrees\Full_Stack_Web_Developer\capstone_grocery_market\app.py:432]
2020-12-28 23:34:57,536 INFO:             errors [in c:\Users\alank\Documents\Udacity\Nanodegrees\Full_Stack_Web_Developer\capstone_grocery_market\app.py:432]
2020-12-28 23:35:21,352 INFO:             errors [in c:\Users\alank\Documents\Udacity\Nanodegrees\Full_Stack_Web_Developer\capstone_grocery_market\app.py:432]
2020-12-28 23:35:57,147 INFO:             errors [in c:\Users\alank\Documents\Udacity\Nanodegrees\Full_Stack_Web_Developer\capstone_grocery_market\app.py:432]
2020-12-28 23:35:59,641 INFO:             errors [in c:\Users\alank\Documents\Udacity\Nanodegrees\Full_Stack_Web_Developer\capstone_grocery_market\app.py:432]
2020-12-28 23:36:47,606 INFO:             errors [in c:\Users\alank\Documents\Udacity\Nanodegrees\Full_Stack_Web_Developer\capstone_grocery_market\app.py:432]
2020-12-28 23:37:11,698 INFO:             errors [in c:\Users\alank\Documents\Udacity\Nanodegrees\Full_Stack_Web_Developer\capstone_grocery_market\app.py:432]
2020-12-28 23:37:14,711 INFO:             errors [in c:\Users\alank\Documents\Udacity\Nanodegrees\Full_Stack_Web_Developer\capstone_grocery_market\app.py:432]
2020-12-28 23:38:08,232 INFO:             errors [in c:\Users\alank\Documents\Udacity\Nanodegrees\Full_Stack_Web_Developer\capstone_grocery_market\app.py:432]
2020-12-28 23:38:57,180 INFO:             errors [in c:\Users\alank\Documents\Udacity\Nanodegrees\Full_Stack_Web_Developer\capstone_grocery_market\app.py:432]
2020-12-28 23:39:07,711 INFO:             errors [in c:\Users\alank\Documents\Udacity\Nanodegrees\Full_Stack_Web_Developer\capstone_grocery_market\app.py:432]
2020-12-28 23:39:49,706 INFO:             errors [in c:\Users\alank\Documents\Udacity\Nanodegrees\Full_Stack_Web_Developer\capstone_grocery_market\app.py:432]
2020-12-28 23:40:18,486 INFO:             errors [in c:\Users\alank\Documents\Udacity\Nanodegrees\Full_Stack_Web_Developer\capstone_grocery_market\app.py:432]
2020-12-28 23:40:31,022 INFO:             errors [in c:\Users\alank\Documents\Udacity\Nanodegrees\Full_Stack_Web_Developer\capstone_grocery_market\app.py:432]
2020-12-28 23:40:34,575 INFO:             errors [in c:\Users\alank\Documents\Udacity\Nanodegrees\Full_Stack_Web_Developer\capstone_grocery_market\app.py:432]
2020-12-28 23:40:40,156 INFO:             errors [in c:\Users\alank\Documents\Udacity\Nanodegrees\Full_Stack_Web_Developer\capstone_grocery_market\app.py:432]
2020-12-28 23:40:45,484 INFO:             errors [in c:\Users\alank\Documents\Udacity\Nanodegrees\Full_Stack_Web_Developer\capstone_grocery_market\app.py:432]
2020-12-28 23:41:03,000 INFO:             errors [in c:\Users\alank\Documents\Udacity\Nanodegrees\Full_Stack_Web_Developer\capstone_grocery_market\app.py:432]
2020-12-28 23:41:35,012 INFO:             errors [in c:\Users\alank\Documents\Udacity\Nanodegrees\Full_Stack_Web_Developer\capstone_grocery_market\app.py:432]
2020-12-28 23:55:02,247 INFO:             errors [in c:\Users\alank\Documents\Udacity\Nanodegrees\Full_Stack_Web_Developer\capstone_grocery_market\app.py:432]
2020-12-29 00:43:15,452 INFO:             errors [in c:\Users\alank\Documents\Udacity\Nanodegrees\Full_Stack_Web_Developer\capstone_grocery_market\app.py:432]
2020-12-29 00:43:57,331 INFO:             errors [in c:\Users\alank\Documents\Udacity\Nanodegrees\Full_Stack_Web_Developer\capstone_grocery_market\app.py:432]
2020-12-29 00:44:00,396 INFO:             errors [in c:\Users\alank\Documents\Udacity\Nanodegrees\Full_Stack_Web_Developer\capstone_grocery_market\app.py:432]
2020-12-29 00:44:01,104 ERROR:             Exception on /employees/create [POST] [in c:\Users\alank\Documents\Udacity\Nanodegrees\Full_Stack_Web_Developer\capstone_grocery_market\.venv\lib\site-packages\flask\app.py:1892]
Traceback (most recent call last):
  File "c:\Users\alank\Documents\Udacity\Nanodegrees\Full_Stack_Web_Developer\capstone_grocery_market\.venv\lib\site-packages\flask\app.py", line 2447, in wsgi_app
    response = self.full_dispatch_request()
  File "c:\Users\alank\Documents\Udacity\Nanodegrees\Full_Stack_Web_Developer\capstone_grocery_market\.venv\lib\site-packages\flask\app.py", line 1952, in full_dispatch_request
    rv = self.handle_user_exception(e)
  File "c:\Users\alank\Documents\Udacity\Nanodegrees\Full_Stack_Web_Developer\capstone_grocery_market\.venv\lib\site-packages\flask_cors\extension.py", line 165, in wrapped_function
    return cors_after_request(app.make_response(f(*args, **kwargs)))
  File "c:\Users\alank\Documents\Udacity\Nanodegrees\Full_Stack_Web_Developer\capstone_grocery_market\.venv\lib\site-packages\flask\app.py", line 1821, in handle_user_exception
    reraise(exc_type, exc_value, tb)
  File "c:\Users\alank\Documents\Udacity\Nanodegrees\Full_Stack_Web_Developer\capstone_grocery_market\.venv\lib\site-packages\flask\_compat.py", line 39, in reraise
    raise value
  File "c:\Users\alank\Documents\Udacity\Nanodegrees\Full_Stack_Web_Developer\capstone_grocery_market\.venv\lib\site-packages\flask\app.py", line 1950, in full_dispatch_request
    rv = self.dispatch_request()
  File "c:\Users\alank\Documents\Udacity\Nanodegrees\Full_Stack_Web_Developer\capstone_grocery_market\.venv\lib\site-packages\flask\app.py", line 1936, in dispatch_request
    return self.view_functions[rule.endpoint](**req.view_args)
  File "c:\Users\alank\Documents\Udacity\Nanodegrees\Full_Stack_Web_Developer\capstone_grocery_market\.venv\lib\site-packages\flask_cors\decorator.py", line 128, in wrapped_function
    resp = make_response(f(*args, **kwargs))
  File "c:\Users\alank\Documents\Udacity\Nanodegrees\Full_Stack_Web_Developer\capstone_grocery_market\app.py", line 349, in wrapper
    return f(payload, *args, **kwargs)
  File "c:\Users\alank\Documents\Udacity\Nanodegrees\Full_Stack_Web_Developer\capstone_grocery_market\app.py", line 881, in add_employee
    department_id = int(department.split(' - ', 2)[0])
ValueError: invalid literal for int() with base 10: ''
2020-12-29 00:44:07,674 INFO:             errors [in c:\Users\alank\Documents\Udacity\Nanodegrees\Full_Stack_Web_Developer\capstone_grocery_market\app.py:432]
2020-12-29 00:44:08,177 ERROR:             Exception on /employees/create [POST] [in c:\Users\alank\Documents\Udacity\Nanodegrees\Full_Stack_Web_Developer\capstone_grocery_market\.venv\lib\site-packages\flask\app.py:1892]
Traceback (most recent call last):
  File "c:\Users\alank\Documents\Udacity\Nanodegrees\Full_Stack_Web_Developer\capstone_grocery_market\.venv\lib\site-packages\flask\app.py", line 2447, in wsgi_app
    response = self.full_dispatch_request()
  File "c:\Users\alank\Documents\Udacity\Nanodegrees\Full_Stack_Web_Developer\capstone_grocery_market\.venv\lib\site-packages\flask\app.py", line 1952, in full_dispatch_request
    rv = self.handle_user_exception(e)
  File "c:\Users\alank\Documents\Udacity\Nanodegrees\Full_Stack_Web_Developer\capstone_grocery_market\.venv\lib\site-packages\flask_cors\extension.py", line 165, in wrapped_function
    return cors_after_request(app.make_response(f(*args, **kwargs)))
  File "c:\Users\alank\Documents\Udacity\Nanodegrees\Full_Stack_Web_Developer\capstone_grocery_market\.venv\lib\site-packages\flask\app.py", line 1821, in handle_user_exception
    reraise(exc_type, exc_value, tb)
  File "c:\Users\alank\Documents\Udacity\Nanodegrees\Full_Stack_Web_Developer\capstone_grocery_market\.venv\lib\site-packages\flask\_compat.py", line 39, in reraise
    raise value
  File "c:\Users\alank\Documents\Udacity\Nanodegrees\Full_Stack_Web_Developer\capstone_grocery_market\.venv\lib\site-packages\flask\app.py", line 1950, in full_dispatch_request
    rv = self.dispatch_request()
  File "c:\Users\alank\Documents\Udacity\Nanodegrees\Full_Stack_Web_Developer\capstone_grocery_market\.venv\lib\site-packages\flask\app.py", line 1936, in dispatch_request
    return self.view_functions[rule.endpoint](**req.view_args)
  File "c:\Users\alank\Documents\Udacity\Nanodegrees\Full_Stack_Web_Developer\capstone_grocery_market\.venv\lib\site-packages\flask_cors\decorator.py", line 128, in wrapped_function
    resp = make_response(f(*args, **kwargs))
  File "c:\Users\alank\Documents\Udacity\Nanodegrees\Full_Stack_Web_Developer\capstone_grocery_market\app.py", line 349, in wrapper
    return f(payload, *args, **kwargs)
  File "c:\Users\alank\Documents\Udacity\Nanodegrees\Full_Stack_Web_Developer\capstone_grocery_market\app.py", line 881, in add_employee
    department_id = int(department.split(' - ', 2)[0])
ValueError: invalid literal for int() with base 10: ''
2020-12-29 00:44:38,003 INFO:             errors [in c:\Users\alank\Documents\Udacity\Nanodegrees\Full_Stack_Web_Developer\capstone_grocery_market\app.py:432]
2020-12-29 00:45:04,123 INFO:             errors [in c:\Users\alank\Documents\Udacity\Nanodegrees\Full_Stack_Web_Developer\capstone_grocery_market\app.py:432]
2020-12-29 00:45:35,798 INFO:             errors [in c:\Users\alank\Documents\Udacity\Nanodegrees\Full_Stack_Web_Developer\capstone_grocery_market\app.py:432]
2020-12-29 00:45:36,255 ERROR:             Exception on /employees/create [POST] [in c:\Users\alank\Documents\Udacity\Nanodegrees\Full_Stack_Web_Developer\capstone_grocery_market\.venv\lib\site-packages\flask\app.py:1892]
Traceback (most recent call last):
  File "c:\Users\alank\Documents\Udacity\Nanodegrees\Full_Stack_Web_Developer\capstone_grocery_market\.venv\lib\site-packages\flask\app.py", line 2447, in wsgi_app
    response = self.full_dispatch_request()
  File "c:\Users\alank\Documents\Udacity\Nanodegrees\Full_Stack_Web_Developer\capstone_grocery_market\.venv\lib\site-packages\flask\app.py", line 1952, in full_dispatch_request
    rv = self.handle_user_exception(e)
  File "c:\Users\alank\Documents\Udacity\Nanodegrees\Full_Stack_Web_Developer\capstone_grocery_market\.venv\lib\site-packages\flask_cors\extension.py", line 165, in wrapped_function
    return cors_after_request(app.make_response(f(*args, **kwargs)))
  File "c:\Users\alank\Documents\Udacity\Nanodegrees\Full_Stack_Web_Developer\capstone_grocery_market\.venv\lib\site-packages\flask\app.py", line 1821, in handle_user_exception
    reraise(exc_type, exc_value, tb)
  File "c:\Users\alank\Documents\Udacity\Nanodegrees\Full_Stack_Web_Developer\capstone_grocery_market\.venv\lib\site-packages\flask\_compat.py", line 39, in reraise
    raise value
  File "c:\Users\alank\Documents\Udacity\Nanodegrees\Full_Stack_Web_Developer\capstone_grocery_market\.venv\lib\site-packages\flask\app.py", line 1950, in full_dispatch_request
    rv = self.dispatch_request()
  File "c:\Users\alank\Documents\Udacity\Nanodegrees\Full_Stack_Web_Developer\capstone_grocery_market\.venv\lib\site-packages\flask\app.py", line 1936, in dispatch_request
    return self.view_functions[rule.endpoint](**req.view_args)
  File "c:\Users\alank\Documents\Udacity\Nanodegrees\Full_Stack_Web_Developer\capstone_grocery_market\.venv\lib\site-packages\flask_cors\decorator.py", line 128, in wrapped_function
    resp = make_response(f(*args, **kwargs))
  File "c:\Users\alank\Documents\Udacity\Nanodegrees\Full_Stack_Web_Developer\capstone_grocery_market\app.py", line 349, in wrapper
    return f(payload, *args, **kwargs)
  File "c:\Users\alank\Documents\Udacity\Nanodegrees\Full_Stack_Web_Developer\capstone_grocery_market\app.py", line 881, in add_employee
    department_id = int(department.split(' - ', 2)[0])
ValueError: invalid literal for int() with base 10: ''
2020-12-29 00:45:41,659 INFO:             errors [in c:\Users\alank\Documents\Udacity\Nanodegrees\Full_Stack_Web_Developer\capstone_grocery_market\app.py:432]
2020-12-29 00:45:42,015 ERROR:             Exception on /employees/create [POST] [in c:\Users\alank\Documents\Udacity\Nanodegrees\Full_Stack_Web_Developer\capstone_grocery_market\.venv\lib\site-packages\flask\app.py:1892]
Traceback (most recent call last):
  File "c:\Users\alank\Documents\Udacity\Nanodegrees\Full_Stack_Web_Developer\capstone_grocery_market\.venv\lib\site-packages\flask\app.py", line 2447, in wsgi_app
    response = self.full_dispatch_request()
  File "c:\Users\alank\Documents\Udacity\Nanodegrees\Full_Stack_Web_Developer\capstone_grocery_market\.venv\lib\site-packages\flask\app.py", line 1952, in full_dispatch_request
    rv = self.handle_user_exception(e)
  File "c:\Users\alank\Documents\Udacity\Nanodegrees\Full_Stack_Web_Developer\capstone_grocery_market\.venv\lib\site-packages\flask_cors\extension.py", line 165, in wrapped_function
    return cors_after_request(app.make_response(f(*args, **kwargs)))
  File "c:\Users\alank\Documents\Udacity\Nanodegrees\Full_Stack_Web_Developer\capstone_grocery_market\.venv\lib\site-packages\flask\app.py", line 1821, in handle_user_exception
    reraise(exc_type, exc_value, tb)
  File "c:\Users\alank\Documents\Udacity\Nanodegrees\Full_Stack_Web_Developer\capstone_grocery_market\.venv\lib\site-packages\flask\_compat.py", line 39, in reraise
    raise value
  File "c:\Users\alank\Documents\Udacity\Nanodegrees\Full_Stack_Web_Developer\capstone_grocery_market\.venv\lib\site-packages\flask\app.py", line 1950, in full_dispatch_request
    rv = self.dispatch_request()
  File "c:\Users\alank\Documents\Udacity\Nanodegrees\Full_Stack_Web_Developer\capstone_grocery_market\.venv\lib\site-packages\flask\app.py", line 1936, in dispatch_request
    return self.view_functions[rule.endpoint](**req.view_args)
  File "c:\Users\alank\Documents\Udacity\Nanodegrees\Full_Stack_Web_Developer\capstone_grocery_market\.venv\lib\site-packages\flask_cors\decorator.py", line 128, in wrapped_function
    resp = make_response(f(*args, **kwargs))
  File "c:\Users\alank\Documents\Udacity\Nanodegrees\Full_Stack_Web_Developer\capstone_grocery_market\app.py", line 349, in wrapper
    return f(payload, *args, **kwargs)
  File "c:\Users\alank\Documents\Udacity\Nanodegrees\Full_Stack_Web_Developer\capstone_grocery_market\app.py", line 881, in add_employee
    department_id = int(department.split(' - ', 2)[0])
ValueError: invalid literal for int() with base 10: ''
2020-12-29 00:46:07,222 INFO:             errors [in c:\Users\alank\Documents\Udacity\Nanodegrees\Full_Stack_Web_Developer\capstone_grocery_market\app.py:432]
2020-12-29 01:07:31,976 INFO:             errors [in c:\Users\alank\Documents\Udacity\Nanodegrees\Full_Stack_Web_Developer\capstone_grocery_market\app.py:432]
2020-12-29 01:07:32,484 ERROR:             Exception on /employees/create [POST] [in c:\Users\alank\Documents\Udacity\Nanodegrees\Full_Stack_Web_Developer\capstone_grocery_market\.venv\lib\site-packages\flask\app.py:1892]
Traceback (most recent call last):
  File "c:\Users\alank\Documents\Udacity\Nanodegrees\Full_Stack_Web_Developer\capstone_grocery_market\.venv\lib\site-packages\flask\app.py", line 2447, in wsgi_app
    response = self.full_dispatch_request()
  File "c:\Users\alank\Documents\Udacity\Nanodegrees\Full_Stack_Web_Developer\capstone_grocery_market\.venv\lib\site-packages\flask\app.py", line 1952, in full_dispatch_request
    rv = self.handle_user_exception(e)
  File "c:\Users\alank\Documents\Udacity\Nanodegrees\Full_Stack_Web_Developer\capstone_grocery_market\.venv\lib\site-packages\flask_cors\extension.py", line 165, in wrapped_function
    return cors_after_request(app.make_response(f(*args, **kwargs)))
  File "c:\Users\alank\Documents\Udacity\Nanodegrees\Full_Stack_Web_Developer\capstone_grocery_market\.venv\lib\site-packages\flask\app.py", line 1821, in handle_user_exception
    reraise(exc_type, exc_value, tb)
  File "c:\Users\alank\Documents\Udacity\Nanodegrees\Full_Stack_Web_Developer\capstone_grocery_market\.venv\lib\site-packages\flask\_compat.py", line 39, in reraise
    raise value
  File "c:\Users\alank\Documents\Udacity\Nanodegrees\Full_Stack_Web_Developer\capstone_grocery_market\.venv\lib\site-packages\flask\app.py", line 1950, in full_dispatch_request
    rv = self.dispatch_request()
  File "c:\Users\alank\Documents\Udacity\Nanodegrees\Full_Stack_Web_Developer\capstone_grocery_market\.venv\lib\site-packages\flask\app.py", line 1936, in dispatch_request
    return self.view_functions[rule.endpoint](**req.view_args)
  File "c:\Users\alank\Documents\Udacity\Nanodegrees\Full_Stack_Web_Developer\capstone_grocery_market\.venv\lib\site-packages\flask_cors\decorator.py", line 128, in wrapped_function
    resp = make_response(f(*args, **kwargs))
  File "c:\Users\alank\Documents\Udacity\Nanodegrees\Full_Stack_Web_Developer\capstone_grocery_market\app.py", line 349, in wrapper
    return f(payload, *args, **kwargs)
  File "c:\Users\alank\Documents\Udacity\Nanodegrees\Full_Stack_Web_Developer\capstone_grocery_market\app.py", line 881, in add_employee
    department_id = int(department.split(' - ', 2)[0])
ValueError: invalid literal for int() with base 10: ''
2020-12-29 01:08:49,408 INFO:             errors [in c:\Users\alank\Documents\Udacity\Nanodegrees\Full_Stack_Web_Developer\capstone_grocery_market\app.py:432]
2020-12-29 01:08:58,641 INFO:             errors [in c:\Users\alank\Documents\Udacity\Nanodegrees\Full_Stack_Web_Developer\capstone_grocery_market\app.py:432]
2020-12-29 01:08:59,173 ERROR:             Exception on /employees/create [POST] [in c:\Users\alank\Documents\Udacity\Nanodegrees\Full_Stack_Web_Developer\capstone_grocery_market\.venv\lib\site-packages\flask\app.py:1892]
Traceback (most recent call last):
  File "c:\Users\alank\Documents\Udacity\Nanodegrees\Full_Stack_Web_Developer\capstone_grocery_market\.venv\lib\site-packages\flask\app.py", line 2447, in wsgi_app
    response = self.full_dispatch_request()
  File "c:\Users\alank\Documents\Udacity\Nanodegrees\Full_Stack_Web_Developer\capstone_grocery_market\.venv\lib\site-packages\flask\app.py", line 1952, in full_dispatch_request
    rv = self.handle_user_exception(e)
  File "c:\Users\alank\Documents\Udacity\Nanodegrees\Full_Stack_Web_Developer\capstone_grocery_market\.venv\lib\site-packages\flask_cors\extension.py", line 165, in wrapped_function
    return cors_after_request(app.make_response(f(*args, **kwargs)))
  File "c:\Users\alank\Documents\Udacity\Nanodegrees\Full_Stack_Web_Developer\capstone_grocery_market\.venv\lib\site-packages\flask\app.py", line 1821, in handle_user_exception
    reraise(exc_type, exc_value, tb)
  File "c:\Users\alank\Documents\Udacity\Nanodegrees\Full_Stack_Web_Developer\capstone_grocery_market\.venv\lib\site-packages\flask\_compat.py", line 39, in reraise
    raise value
  File "c:\Users\alank\Documents\Udacity\Nanodegrees\Full_Stack_Web_Developer\capstone_grocery_market\.venv\lib\site-packages\flask\app.py", line 1950, in full_dispatch_request
    rv = self.dispatch_request()
  File "c:\Users\alank\Documents\Udacity\Nanodegrees\Full_Stack_Web_Developer\capstone_grocery_market\.venv\lib\site-packages\flask\app.py", line 1936, in dispatch_request
    return self.view_functions[rule.endpoint](**req.view_args)
  File "c:\Users\alank\Documents\Udacity\Nanodegrees\Full_Stack_Web_Developer\capstone_grocery_market\.venv\lib\site-packages\flask_cors\decorator.py", line 128, in wrapped_function
    resp = make_response(f(*args, **kwargs))
  File "c:\Users\alank\Documents\Udacity\Nanodegrees\Full_Stack_Web_Developer\capstone_grocery_market\app.py", line 349, in wrapper
    return f(payload, *args, **kwargs)
  File "c:\Users\alank\Documents\Udacity\Nanodegrees\Full_Stack_Web_Developer\capstone_grocery_market\app.py", line 881, in add_employee
    department_id = int(department.split(' - ', 2)[0])
ValueError: invalid literal for int() with base 10: ''
2020-12-29 01:09:37,891 INFO:             errors [in c:\Users\alank\Documents\Udacity\Nanodegrees\Full_Stack_Web_Developer\capstone_grocery_market\app.py:432]
2020-12-29 01:09:50,324 ERROR:             Exception on /employees/create [POST] [in c:\Users\alank\Documents\Udacity\Nanodegrees\Full_Stack_Web_Developer\capstone_grocery_market\.venv\lib\site-packages\flask\app.py:1892]
Traceback (most recent call last):
  File "c:\Users\alank\Documents\Udacity\Nanodegrees\Full_Stack_Web_Developer\capstone_grocery_market\.venv\lib\site-packages\flask\app.py", line 2447, in wsgi_app
    response = self.full_dispatch_request()
  File "c:\Users\alank\Documents\Udacity\Nanodegrees\Full_Stack_Web_Developer\capstone_grocery_market\.venv\lib\site-packages\flask\app.py", line 1952, in full_dispatch_request
    rv = self.handle_user_exception(e)
  File "c:\Users\alank\Documents\Udacity\Nanodegrees\Full_Stack_Web_Developer\capstone_grocery_market\.venv\lib\site-packages\flask_cors\extension.py", line 165, in wrapped_function
    return cors_after_request(app.make_response(f(*args, **kwargs)))
  File "c:\Users\alank\Documents\Udacity\Nanodegrees\Full_Stack_Web_Developer\capstone_grocery_market\.venv\lib\site-packages\flask\app.py", line 1821, in handle_user_exception
    reraise(exc_type, exc_value, tb)
  File "c:\Users\alank\Documents\Udacity\Nanodegrees\Full_Stack_Web_Developer\capstone_grocery_market\.venv\lib\site-packages\flask\_compat.py", line 39, in reraise
    raise value
  File "c:\Users\alank\Documents\Udacity\Nanodegrees\Full_Stack_Web_Developer\capstone_grocery_market\.venv\lib\site-packages\flask\app.py", line 1950, in full_dispatch_request
    rv = self.dispatch_request()
  File "c:\Users\alank\Documents\Udacity\Nanodegrees\Full_Stack_Web_Developer\capstone_grocery_market\.venv\lib\site-packages\flask\app.py", line 1936, in dispatch_request
    return self.view_functions[rule.endpoint](**req.view_args)
  File "c:\Users\alank\Documents\Udacity\Nanodegrees\Full_Stack_Web_Developer\capstone_grocery_market\.venv\lib\site-packages\flask_cors\decorator.py", line 128, in wrapped_function
    resp = make_response(f(*args, **kwargs))
  File "c:\Users\alank\Documents\Udacity\Nanodegrees\Full_Stack_Web_Developer\capstone_grocery_market\app.py", line 349, in wrapper
    return f(payload, *args, **kwargs)
  File "c:\Users\alank\Documents\Udacity\Nanodegrees\Full_Stack_Web_Developer\capstone_grocery_market\app.py", line 881, in add_employee
    department_id = int(department.split(' - ', 2)[0])
ValueError: invalid literal for int() with base 10: ''
2020-12-29 01:10:01,061 INFO:             errors [in c:\Users\alank\Documents\Udacity\Nanodegrees\Full_Stack_Web_Developer\capstone_grocery_market\app.py:432]
2020-12-29 01:10:05,882 INFO:             errors [in c:\Users\alank\Documents\Udacity\Nanodegrees\Full_Stack_Web_Developer\capstone_grocery_market\app.py:432]
2020-12-29 01:10:55,335 INFO:             errors [in c:\Users\alank\Documents\Udacity\Nanodegrees\Full_Stack_Web_Developer\capstone_grocery_market\app.py:432]
2020-12-29 01:15:57,527 INFO:             errors [in c:\Users\alank\Documents\Udacity\Nanodegrees\Full_Stack_Web_Developer\capstone_grocery_market\app.py:432]
2020-12-29 01:17:24,610 INFO:             errors [in c:\Users\alank\Documents\Udacity\Nanodegrees\Full_Stack_Web_Developer\capstone_grocery_market\app.py:432]
2020-12-29 01:17:27,173 INFO:             errors [in c:\Users\alank\Documents\Udacity\Nanodegrees\Full_Stack_Web_Developer\capstone_grocery_market\app.py:432]
2020-12-29 01:19:16,390 INFO:             errors [in c:\Users\alank\Documents\Udacity\Nanodegrees\Full_Stack_Web_Developer\capstone_grocery_market\app.py:432]
2020-12-29 01:19:20,432 INFO:             errors [in c:\Users\alank\Documents\Udacity\Nanodegrees\Full_Stack_Web_Developer\capstone_grocery_market\app.py:432]
2020-12-29 01:20:00,927 INFO:             errors [in c:\Users\alank\Documents\Udacity\Nanodegrees\Full_Stack_Web_Developer\capstone_grocery_market\app.py:432]
2020-12-29 01:20:03,772 INFO:             errors [in c:\Users\alank\Documents\Udacity\Nanodegrees\Full_Stack_Web_Developer\capstone_grocery_market\app.py:432]
2020-12-29 01:20:46,722 INFO:             errors [in c:\Users\alank\Documents\Udacity\Nanodegrees\Full_Stack_Web_Developer\capstone_grocery_market\app.py:432]
2020-12-29 01:20:55,636 INFO:             errors [in c:\Users\alank\Documents\Udacity\Nanodegrees\Full_Stack_Web_Developer\capstone_grocery_market\app.py:432]
2020-12-29 01:22:29,239 INFO:             errors [in c:\Users\alank\Documents\Udacity\Nanodegrees\Full_Stack_Web_Developer\capstone_grocery_market\app.py:432]
2020-12-29 01:23:13,314 INFO:             errors [in c:\Users\alank\Documents\Udacity\Nanodegrees\Full_Stack_Web_Developer\capstone_grocery_market\app.py:432]
2020-12-29 01:23:16,055 INFO:             errors [in c:\Users\alank\Documents\Udacity\Nanodegrees\Full_Stack_Web_Developer\capstone_grocery_market\app.py:432]
2020-12-29 01:24:12,105 INFO:             errors [in c:\Users\alank\Documents\Udacity\Nanodegrees\Full_Stack_Web_Developer\capstone_grocery_market\app.py:432]
2020-12-29 01:24:46,804 INFO:             errors [in c:\Users\alank\Documents\Udacity\Nanodegrees\Full_Stack_Web_Developer\capstone_grocery_market\app.py:432]
2020-12-29 01:24:50,712 INFO:             errors [in c:\Users\alank\Documents\Udacity\Nanodegrees\Full_Stack_Web_Developer\capstone_grocery_market\app.py:432]
2020-12-29 01:25:19,348 INFO:             errors [in c:\Users\alank\Documents\Udacity\Nanodegrees\Full_Stack_Web_Developer\capstone_grocery_market\app.py:432]
2020-12-29 01:25:50,252 INFO:             errors [in c:\Users\alank\Documents\Udacity\Nanodegrees\Full_Stack_Web_Developer\capstone_grocery_market\app.py:432]
2020-12-29 01:25:52,933 INFO:             errors [in c:\Users\alank\Documents\Udacity\Nanodegrees\Full_Stack_Web_Developer\capstone_grocery_market\app.py:432]
2020-12-29 01:28:14,749 INFO:             errors [in c:\Users\alank\Documents\Udacity\Nanodegrees\Full_Stack_Web_Developer\capstone_grocery_market\app.py:432]
2020-12-29 01:28:33,342 INFO:             errors [in c:\Users\alank\Documents\Udacity\Nanodegrees\Full_Stack_Web_Developer\capstone_grocery_market\app.py:432]
2020-12-29 16:18:46,230 INFO:             errors [in c:\Users\alank\Documents\Udacity\Nanodegrees\Full_Stack_Web_Developer\capstone_grocery_market\app.py:432]
2020-12-29 16:20:39,848 INFO:             errors [in c:\Users\alank\Documents\Udacity\Nanodegrees\Full_Stack_Web_Developer\capstone_grocery_market\app.py:432]
2020-12-29 16:21:06,970 INFO:             errors [in c:\Users\alank\Documents\Udacity\Nanodegrees\Full_Stack_Web_Developer\capstone_grocery_market\app.py:432]
2020-12-29 16:21:12,354 INFO:             errors [in c:\Users\alank\Documents\Udacity\Nanodegrees\Full_Stack_Web_Developer\capstone_grocery_market\app.py:432]
2020-12-29 16:21:33,044 INFO:             errors [in c:\Users\alank\Documents\Udacity\Nanodegrees\Full_Stack_Web_Developer\capstone_grocery_market\app.py:432]
2020-12-29 16:21:45,347 INFO:             errors [in c:\Users\alank\Documents\Udacity\Nanodegrees\Full_Stack_Web_Developer\capstone_grocery_market\app.py:432]
2020-12-29 16:21:52,137 INFO:             errors [in c:\Users\alank\Documents\Udacity\Nanodegrees\Full_Stack_Web_Developer\capstone_grocery_market\app.py:432]
2020-12-29 16:22:26,841 INFO:             errors [in c:\Users\alank\Documents\Udacity\Nanodegrees\Full_Stack_Web_Developer\capstone_grocery_market\app.py:432]
2020-12-29 16:23:23,041 INFO:             errors [in c:\Users\alank\Documents\Udacity\Nanodegrees\Full_Stack_Web_Developer\capstone_grocery_market\app.py:432]
2020-12-29 19:02:05,501 INFO:             errors [in c:\Users\alank\Documents\Udacity\Nanodegrees\Full_Stack_Web_Developer\capstone_grocery_market\app.py:432]
2020-12-29 19:02:08,087 INFO:             errors [in c:\Users\alank\Documents\Udacity\Nanodegrees\Full_Stack_Web_Developer\capstone_grocery_market\app.py:432]
2020-12-29 19:03:06,686 INFO:             errors [in c:\Users\alank\Documents\Udacity\Nanodegrees\Full_Stack_Web_Developer\capstone_grocery_market\app.py:432]
2020-12-29 19:03:56,194 INFO:             errors [in c:\Users\alank\Documents\Udacity\Nanodegrees\Full_Stack_Web_Developer\capstone_grocery_market\app.py:432]
2020-12-29 19:04:00,305 INFO:             errors [in c:\Users\alank\Documents\Udacity\Nanodegrees\Full_Stack_Web_Developer\capstone_grocery_market\app.py:432]
2020-12-29 19:04:55,242 INFO:             errors [in c:\Users\alank\Documents\Udacity\Nanodegrees\Full_Stack_Web_Developer\capstone_grocery_market\app.py:432]
2020-12-29 19:05:42,190 INFO:             errors [in c:\Users\alank\Documents\Udacity\Nanodegrees\Full_Stack_Web_Developer\capstone_grocery_market\app.py:432]
2020-12-29 19:07:46,022 INFO:             errors [in c:\Users\alank\Documents\Udacity\Nanodegrees\Full_Stack_Web_Developer\capstone_grocery_market\app.py:432]
2020-12-29 19:07:49,324 INFO:             errors [in c:\Users\alank\Documents\Udacity\Nanodegrees\Full_Stack_Web_Developer\capstone_grocery_market\app.py:432]
2020-12-29 19:08:40,001 INFO:             errors [in c:\Users\alank\Documents\Udacity\Nanodegrees\Full_Stack_Web_Developer\capstone_grocery_market\app.py:432]
2020-12-29 19:08:45,701 INFO:             errors [in c:\Users\alank\Documents\Udacity\Nanodegrees\Full_Stack_Web_Developer\capstone_grocery_market\app.py:432]
2020-12-29 19:09:25,700 INFO:             errors [in c:\Users\alank\Documents\Udacity\Nanodegrees\Full_Stack_Web_Developer\capstone_grocery_market\app.py:432]
2020-12-29 19:09:45,682 INFO:             errors [in c:\Users\alank\Documents\Udacity\Nanodegrees\Full_Stack_Web_Developer\capstone_grocery_market\app.py:432]
2020-12-29 19:09:50,796 INFO:             errors [in c:\Users\alank\Documents\Udacity\Nanodegrees\Full_Stack_Web_Developer\capstone_grocery_market\app.py:432]
2020-12-29 19:11:52,115 INFO:             errors [in c:\Users\alank\Documents\Udacity\Nanodegrees\Full_Stack_Web_Developer\capstone_grocery_market\app.py:432]
2020-12-29 19:12:14,759 INFO:             errors [in c:\Users\alank\Documents\Udacity\Nanodegrees\Full_Stack_Web_Developer\capstone_grocery_market\app.py:432]
2020-12-29 19:12:18,184 INFO:             errors [in c:\Users\alank\Documents\Udacity\Nanodegrees\Full_Stack_Web_Developer\capstone_grocery_market\app.py:432]
2020-12-29 19:12:25,270 INFO:             errors [in c:\Users\alank\Documents\Udacity\Nanodegrees\Full_Stack_Web_Developer\capstone_grocery_market\app.py:432]
2020-12-29 19:19:33,420 INFO:             errors [in c:\Users\alank\Documents\Udacity\Nanodegrees\Full_Stack_Web_Developer\capstone_grocery_market\app.py:432]
2020-12-29 19:21:12,003 INFO:             errors [in c:\Users\alank\Documents\Udacity\Nanodegrees\Full_Stack_Web_Developer\capstone_grocery_market\app.py:432]
2020-12-29 19:22:59,494 INFO:             errors [in c:\Users\alank\Documents\Udacity\Nanodegrees\Full_Stack_Web_Developer\capstone_grocery_market\app.py:432]
2020-12-29 19:28:47,086 INFO:             errors [in c:\Users\alank\Documents\Udacity\Nanodegrees\Full_Stack_Web_Developer\capstone_grocery_market\app.py:432]
2020-12-29 19:28:55,709 INFO:             errors [in c:\Users\alank\Documents\Udacity\Nanodegrees\Full_Stack_Web_Developer\capstone_grocery_market\app.py:432]
2020-12-29 19:29:35,572 INFO:             errors [in c:\Users\alank\Documents\Udacity\Nanodegrees\Full_Stack_Web_Developer\capstone_grocery_market\app.py:432]
2020-12-29 19:29:46,791 INFO:             errors [in c:\Users\alank\Documents\Udacity\Nanodegrees\Full_Stack_Web_Developer\capstone_grocery_market\app.py:432]
2020-12-29 19:29:59,495 INFO:             errors [in c:\Users\alank\Documents\Udacity\Nanodegrees\Full_Stack_Web_Developer\capstone_grocery_market\app.py:432]
2020-12-29 19:30:34,086 INFO:             errors [in c:\Users\alank\Documents\Udacity\Nanodegrees\Full_Stack_Web_Developer\capstone_grocery_market\app.py:432]
2020-12-29 19:30:36,784 INFO:             errors [in c:\Users\alank\Documents\Udacity\Nanodegrees\Full_Stack_Web_Developer\capstone_grocery_market\app.py:432]
2020-12-29 19:31:54,726 INFO:             errors [in c:\Users\alank\Documents\Udacity\Nanodegrees\Full_Stack_Web_Developer\capstone_grocery_market\app.py:432]
2020-12-29 19:32:16,145 INFO:             errors [in c:\Users\alank\Documents\Udacity\Nanodegrees\Full_Stack_Web_Developer\capstone_grocery_market\app.py:432]
2020-12-29 19:32:43,369 INFO:             errors [in c:\Users\alank\Documents\Udacity\Nanodegrees\Full_Stack_Web_Developer\capstone_grocery_market\app.py:432]
2020-12-29 19:33:08,040 INFO:             errors [in c:\Users\alank\Documents\Udacity\Nanodegrees\Full_Stack_Web_Developer\capstone_grocery_market\app.py:432]
2020-12-29 19:33:28,169 INFO:             errors [in c:\Users\alank\Documents\Udacity\Nanodegrees\Full_Stack_Web_Developer\capstone_grocery_market\app.py:432]
2020-12-29 19:34:24,859 INFO:             errors [in c:\Users\alank\Documents\Udacity\Nanodegrees\Full_Stack_Web_Developer\capstone_grocery_market\app.py:432]
2020-12-29 19:34:38,390 INFO:             errors [in c:\Users\alank\Documents\Udacity\Nanodegrees\Full_Stack_Web_Developer\capstone_grocery_market\app.py:432]
2020-12-29 19:34:45,012 INFO:             errors [in c:\Users\alank\Documents\Udacity\Nanodegrees\Full_Stack_Web_Developer\capstone_grocery_market\app.py:432]
2020-12-29 19:34:48,083 INFO:             errors [in c:\Users\alank\Documents\Udacity\Nanodegrees\Full_Stack_Web_Developer\capstone_grocery_market\app.py:432]
2020-12-29 19:34:53,243 INFO:             errors [in c:\Users\alank\Documents\Udacity\Nanodegrees\Full_Stack_Web_Developer\capstone_grocery_market\app.py:432]
2020-12-29 19:35:36,139 INFO:             errors [in c:\Users\alank\Documents\Udacity\Nanodegrees\Full_Stack_Web_Developer\capstone_grocery_market\app.py:432]
2020-12-29 19:36:10,762 INFO:             errors [in c:\Users\alank\Documents\Udacity\Nanodegrees\Full_Stack_Web_Developer\capstone_grocery_market\app.py:432]
2020-12-29 19:36:50,280 INFO:             errors [in c:\Users\alank\Documents\Udacity\Nanodegrees\Full_Stack_Web_Developer\capstone_grocery_market\app.py:432]
2020-12-29 19:36:52,886 INFO:             errors [in c:\Users\alank\Documents\Udacity\Nanodegrees\Full_Stack_Web_Developer\capstone_grocery_market\app.py:432]
2020-12-29 19:37:01,991 INFO:             errors [in c:\Users\alank\Documents\Udacity\Nanodegrees\Full_Stack_Web_Developer\capstone_grocery_market\app.py:432]
2020-12-29 19:37:21,647 INFO:             errors [in c:\Users\alank\Documents\Udacity\Nanodegrees\Full_Stack_Web_Developer\capstone_grocery_market\app.py:432]
2020-12-29 19:37:32,443 INFO:             errors [in c:\Users\alank\Documents\Udacity\Nanodegrees\Full_Stack_Web_Developer\capstone_grocery_market\app.py:432]
2020-12-29 19:37:46,053 INFO:             errors [in c:\Users\alank\Documents\Udacity\Nanodegrees\Full_Stack_Web_Developer\capstone_grocery_market\app.py:432]
2020-12-29 19:37:49,529 INFO:             errors [in c:\Users\alank\Documents\Udacity\Nanodegrees\Full_Stack_Web_Developer\capstone_grocery_market\app.py:432]
2020-12-29 19:37:55,155 INFO:             errors [in c:\Users\alank\Documents\Udacity\Nanodegrees\Full_Stack_Web_Developer\capstone_grocery_market\app.py:432]
2020-12-29 19:38:12,975 INFO:             errors [in c:\Users\alank\Documents\Udacity\Nanodegrees\Full_Stack_Web_Developer\capstone_grocery_market\app.py:432]
2020-12-29 19:39:04,469 INFO:             errors [in c:\Users\alank\Documents\Udacity\Nanodegrees\Full_Stack_Web_Developer\capstone_grocery_market\app.py:432]
2020-12-29 19:39:41,006 INFO:             errors [in c:\Users\alank\Documents\Udacity\Nanodegrees\Full_Stack_Web_Developer\capstone_grocery_market\app.py:432]
2020-12-29 19:41:27,920 INFO:             errors [in c:\Users\alank\Documents\Udacity\Nanodegrees\Full_Stack_Web_Developer\capstone_grocery_market\app.py:432]
2020-12-29 19:41:50,681 INFO:             errors [in c:\Users\alank\Documents\Udacity\Nanodegrees\Full_Stack_Web_Developer\capstone_grocery_market\app.py:432]
2020-12-29 19:41:54,379 INFO:             errors [in c:\Users\alank\Documents\Udacity\Nanodegrees\Full_Stack_Web_Developer\capstone_grocery_market\app.py:432]
2020-12-29 19:42:01,204 INFO:             errors [in c:\Users\alank\Documents\Udacity\Nanodegrees\Full_Stack_Web_Developer\capstone_grocery_market\app.py:432]
2020-12-29 19:42:09,339 INFO:             errors [in c:\Users\alank\Documents\Udacity\Nanodegrees\Full_Stack_Web_Developer\capstone_grocery_market\app.py:432]
2020-12-29 19:43:15,644 INFO:             errors [in c:\Users\alank\Documents\Udacity\Nanodegrees\Full_Stack_Web_Developer\capstone_grocery_market\app.py:432]
2020-12-29 19:43:31,822 INFO:             errors [in c:\Users\alank\Documents\Udacity\Nanodegrees\Full_Stack_Web_Developer\capstone_grocery_market\app.py:432]
2020-12-29 19:43:37,535 INFO:             errors [in c:\Users\alank\Documents\Udacity\Nanodegrees\Full_Stack_Web_Developer\capstone_grocery_market\app.py:432]
2020-12-29 19:43:43,704 INFO:             errors [in c:\Users\alank\Documents\Udacity\Nanodegrees\Full_Stack_Web_Developer\capstone_grocery_market\app.py:432]
2020-12-29 19:44:25,234 INFO:             errors [in c:\Users\alank\Documents\Udacity\Nanodegrees\Full_Stack_Web_Developer\capstone_grocery_market\app.py:432]
2020-12-29 19:46:11,817 INFO:             errors [in c:\Users\alank\Documents\Udacity\Nanodegrees\Full_Stack_Web_Developer\capstone_grocery_market\app.py:432]
2020-12-29 19:46:35,148 INFO:             errors [in c:\Users\alank\Documents\Udacity\Nanodegrees\Full_Stack_Web_Developer\capstone_grocery_market\app.py:432]
2020-12-29 19:47:18,347 INFO:             errors [in c:\Users\alank\Documents\Udacity\Nanodegrees\Full_Stack_Web_Developer\capstone_grocery_market\app.py:432]
2020-12-29 19:47:30,191 INFO:             errors [in c:\Users\alank\Documents\Udacity\Nanodegrees\Full_Stack_Web_Developer\capstone_grocery_market\app.py:432]
2020-12-29 19:47:57,020 INFO:             errors [in c:\Users\alank\Documents\Udacity\Nanodegrees\Full_Stack_Web_Developer\capstone_grocery_market\app.py:432]
2020-12-29 19:48:10,020 INFO:             errors [in c:\Users\alank\Documents\Udacity\Nanodegrees\Full_Stack_Web_Developer\capstone_grocery_market\app.py:432]
2020-12-29 19:51:22,624 INFO:             errors [in c:\Users\alank\Documents\Udacity\Nanodegrees\Full_Stack_Web_Developer\capstone_grocery_market\app.py:432]
2020-12-29 19:51:52,601 INFO:             errors [in c:\Users\alank\Documents\Udacity\Nanodegrees\Full_Stack_Web_Developer\capstone_grocery_market\app.py:432]
2020-12-29 19:52:01,767 INFO:             errors [in c:\Users\alank\Documents\Udacity\Nanodegrees\Full_Stack_Web_Developer\capstone_grocery_market\app.py:432]
2020-12-29 19:52:06,099 INFO:             errors [in c:\Users\alank\Documents\Udacity\Nanodegrees\Full_Stack_Web_Developer\capstone_grocery_market\app.py:432]
2020-12-29 19:52:10,162 INFO:             errors [in c:\Users\alank\Documents\Udacity\Nanodegrees\Full_Stack_Web_Developer\capstone_grocery_market\app.py:432]
2020-12-29 19:52:38,317 INFO:             errors [in c:\Users\alank\Documents\Udacity\Nanodegrees\Full_Stack_Web_Developer\capstone_grocery_market\app.py:432]
2020-12-29 19:52:50,690 INFO:             errors [in c:\Users\alank\Documents\Udacity\Nanodegrees\Full_Stack_Web_Developer\capstone_grocery_market\app.py:432]
2020-12-29 19:53:59,983 INFO:             errors [in c:\Users\alank\Documents\Udacity\Nanodegrees\Full_Stack_Web_Developer\capstone_grocery_market\app.py:432]
2020-12-29 19:54:03,368 INFO:             errors [in c:\Users\alank\Documents\Udacity\Nanodegrees\Full_Stack_Web_Developer\capstone_grocery_market\app.py:432]
2020-12-29 19:54:43,992 INFO:             errors [in c:\Users\alank\Documents\Udacity\Nanodegrees\Full_Stack_Web_Developer\capstone_grocery_market\app.py:432]
2020-12-29 19:54:54,503 INFO:             errors [in c:\Users\alank\Documents\Udacity\Nanodegrees\Full_Stack_Web_Developer\capstone_grocery_market\app.py:432]
2020-12-29 19:57:05,790 INFO:             errors [in c:\Users\alank\Documents\Udacity\Nanodegrees\Full_Stack_Web_Developer\capstone_grocery_market\app.py:432]
2020-12-29 19:57:07,852 INFO:             errors [in c:\Users\alank\Documents\Udacity\Nanodegrees\Full_Stack_Web_Developer\capstone_grocery_market\app.py:432]
2020-12-29 19:57:13,505 INFO:             errors [in c:\Users\alank\Documents\Udacity\Nanodegrees\Full_Stack_Web_Developer\capstone_grocery_market\app.py:432]
2020-12-29 19:57:18,466 INFO:             errors [in c:\Users\alank\Documents\Udacity\Nanodegrees\Full_Stack_Web_Developer\capstone_grocery_market\app.py:432]
2020-12-29 20:05:37,732 INFO:             errors [in C:\Users\alank\Documents\Udacity\Nanodegrees\Full_Stack_Web_Developer\capstone_grocery_market\app.py:432]
2020-12-29 20:11:44,966 INFO:             errors [in c:\Users\alank\Documents\Udacity\Nanodegrees\Full_Stack_Web_Developer\capstone_grocery_market\app.py:432]
2020-12-29 20:12:42,637 INFO:             errors [in c:\Users\alank\Documents\Udacity\Nanodegrees\Full_Stack_Web_Developer\capstone_grocery_market\app.py:432]
2020-12-29 20:12:49,435 INFO:             errors [in c:\Users\alank\Documents\Udacity\Nanodegrees\Full_Stack_Web_Developer\capstone_grocery_market\app.py:432]
2020-12-29 20:19:27,260 INFO:             errors [in c:\Users\alank\Documents\Udacity\Nanodegrees\Full_Stack_Web_Developer\capstone_grocery_market\app.py:432]
2020-12-29 20:20:11,722 INFO:             errors [in c:\Users\alank\Documents\Udacity\Nanodegrees\Full_Stack_Web_Developer\capstone_grocery_market\app.py:432]
2020-12-29 20:22:42,044 INFO:             errors [in c:\Users\alank\Documents\Udacity\Nanodegrees\Full_Stack_Web_Developer\capstone_grocery_market\app.py:432]
2020-12-29 20:24:43,778 INFO:             errors [in c:\Users\alank\Documents\Udacity\Nanodegrees\Full_Stack_Web_Developer\capstone_grocery_market\app.py:432]
2020-12-29 20:24:49,302 INFO:             errors [in c:\Users\alank\Documents\Udacity\Nanodegrees\Full_Stack_Web_Developer\capstone_grocery_market\app.py:432]
2020-12-29 20:25:35,092 INFO:             errors [in c:\Users\alank\Documents\Udacity\Nanodegrees\Full_Stack_Web_Developer\capstone_grocery_market\app.py:432]
2020-12-29 20:30:49,320 INFO:             errors [in c:\Users\alank\Documents\Udacity\Nanodegrees\Full_Stack_Web_Developer\capstone_grocery_market\app.py:432]
2020-12-29 20:31:00,341 INFO:             errors [in c:\Users\alank\Documents\Udacity\Nanodegrees\Full_Stack_Web_Developer\capstone_grocery_market\app.py:432]
2020-12-29 20:31:35,056 INFO:             errors [in c:\Users\alank\Documents\Udacity\Nanodegrees\Full_Stack_Web_Developer\capstone_grocery_market\app.py:432]
2020-12-29 20:32:26,127 INFO:             errors [in c:\Users\alank\Documents\Udacity\Nanodegrees\Full_Stack_Web_Developer\capstone_grocery_market\app.py:432]
2020-12-29 20:32:34,770 INFO:             errors [in c:\Users\alank\Documents\Udacity\Nanodegrees\Full_Stack_Web_Developer\capstone_grocery_market\app.py:432]
2020-12-29 20:33:15,390 INFO:             errors [in c:\Users\alank\Documents\Udacity\Nanodegrees\Full_Stack_Web_Developer\capstone_grocery_market\app.py:432]
2020-12-29 20:39:35,470 INFO:             errors [in c:\Users\alank\Documents\Udacity\Nanodegrees\Full_Stack_Web_Developer\capstone_grocery_market\app.py:432]
2020-12-29 20:39:37,971 INFO:             errors [in c:\Users\alank\Documents\Udacity\Nanodegrees\Full_Stack_Web_Developer\capstone_grocery_market\app.py:432]
2020-12-29 20:40:58,943 INFO:             errors [in c:\Users\alank\Documents\Udacity\Nanodegrees\Full_Stack_Web_Developer\capstone_grocery_market\app.py:432]
2020-12-29 20:41:01,981 INFO:             errors [in c:\Users\alank\Documents\Udacity\Nanodegrees\Full_Stack_Web_Developer\capstone_grocery_market\app.py:432]
2020-12-29 20:41:21,580 INFO:             errors [in c:\Users\alank\Documents\Udacity\Nanodegrees\Full_Stack_Web_Developer\capstone_grocery_market\app.py:432]
2020-12-29 21:22:10,244 INFO:             errors [in C:\Users\alank\Documents\Udacity\Nanodegrees\Full_Stack_Web_Developer\capstone_grocery_market\app.py:432]
2020-12-29 21:22:57,538 INFO:             errors [in C:\Users\alank\Documents\Udacity\Nanodegrees\Full_Stack_Web_Developer\capstone_grocery_market\app.py:432]
2020-12-29 23:58:37,732 INFO:             errors [in app.py:432]
2020-12-30 12:14:41,476 INFO:             errors [in C:\Users\alank\Documents\Udacity\Nanodegrees\Full_Stack_Web_Developer\capstone_grocery_market\app.py:432]
2020-12-30 13:24:28,872 INFO:             errors [in C:\Users\alank\Documents\Udacity\Nanodegrees\Full_Stack_Web_Developer\capstone_grocery_market\app.py:442]
2020-12-30 13:24:42,725 INFO:             errors [in C:\Users\alank\Documents\Udacity\Nanodegrees\Full_Stack_Web_Developer\capstone_grocery_market\app.py:442]
2020-12-30 13:27:24,148 INFO:             errors [in C:\Users\alank\Documents\Udacity\Nanodegrees\Full_Stack_Web_Developer\capstone_grocery_market\app.py:442]
2020-12-30 13:27:39,507 INFO:             errors [in C:\Users\alank\Documents\Udacity\Nanodegrees\Full_Stack_Web_Developer\capstone_grocery_market\app.py:442]
2020-12-30 13:34:46,919 INFO:             errors [in C:\Users\alank\Documents\Udacity\Nanodegrees\Full_Stack_Web_Developer\capstone_grocery_market\app.py:442]
2020-12-30 13:34:57,438 INFO:             errors [in C:\Users\alank\Documents\Udacity\Nanodegrees\Full_Stack_Web_Developer\capstone_grocery_market\app.py:442]
2020-12-30 13:41:28,428 INFO:             errors [in C:\Users\alank\Documents\Udacity\Nanodegrees\Full_Stack_Web_Developer\capstone_grocery_market\app.py:442]
2020-12-30 14:30:44,976 INFO:             errors [in c:\Users\alank\Documents\Udacity\Nanodegrees\Full_Stack_Web_Developer\capstone_grocery_market\app.py:442]
2020-12-30 15:29:15,884 INFO:             errors [in C:\Users\alank\Documents\Udacity\Nanodegrees\Full_Stack_Web_Developer\capstone_grocery_market\app.py:442]
2020-12-30 15:30:18,417 INFO:             errors [in C:\Users\alank\Documents\Udacity\Nanodegrees\Full_Stack_Web_Developer\capstone_grocery_market\app.py:442]
2020-12-30 18:13:04,379 INFO:             errors [in app.py:432]
